{"D:\\Nimit\\Downloads\\nimit\\vue\\setup\\src\\App.vue": {"path":"D:\\Nimit\\Downloads\\nimit\\vue\\setup\\src\\App.vue","statementMap":{"0":{"start":{"line":3,"column":0},"end":{"line":5,"column":3}},"1":{"start":{"line":6,"column":12},"end":{"line":6,"column":26}},"2":{"start":{"line":7,"column":0},"end":{"line":20,"column":3}},"3":{"start":{"line":10,"column":19},"end":{"line":10,"column":28}},"4":{"start":{"line":11,"column":4},"end":{"line":11,"column":15}},"5":{"start":{"line":13,"column":23},"end":{"line":13,"column":25}},"6":{"start":{"line":14,"column":4},"end":{"line":17,"column":7}},"7":{"start":{"line":18,"column":4},"end":{"line":18,"column":24}},"8":{"start":{"line":22,"column":0},"end":{"line":22,"column":62}},"9":{"start":{"line":23,"column":0},"end":{"line":23,"column":24}},"10":{"start":{"line":24,"column":12},"end":{"line":24,"column":26}},"11":{"start":{"line":26,"column":29},"end":{"line":26,"column":67}},"12":{"start":{"line":27,"column":4},"end":{"line":27,"column":80}},"13":{"start":{"line":29,"column":1},"end":{"line":29,"column":48}}},"fnMap":{"0":{"name":"(anonymous_0)","decl":{"start":{"line":9,"column":9},"end":{"line":9,"column":10}},"loc":{"start":{"line":9,"column":32},"end":{"line":19,"column":3}},"line":9},"1":{"name":"render","decl":{"start":{"line":25,"column":9},"end":{"line":25,"column":15}},"loc":{"start":{"line":25,"column":63},"end":{"line":28,"column":1}},"line":25}},"branchMap":{},"s":{"0":0,"1":0,"2":0,"3":0,"4":0,"5":0,"6":0,"7":0,"8":0,"9":0,"10":0,"11":0,"12":0,"13":0},"f":{"0":0,"1":0},"b":{},"inputSourceMap":{"0":"{","1":"\"","2":"v","3":"e","4":"r","5":"s","6":"i","7":"o","8":"n","9":"\"","10":":","11":"3","12":",","13":"\"","14":"s","15":"o","16":"u","17":"r","18":"c","19":"e","20":"s","21":"\"","22":":","23":"[","24":"\"","25":"D","26":":","27":"/","28":"N","29":"i","30":"m","31":"i","32":"t","33":"/","34":"D","35":"o","36":"w","37":"n","38":"l","39":"o","40":"a","41":"d","42":"s","43":"/","44":"n","45":"i","46":"m","47":"i","48":"t","49":"/","50":"v","51":"u","52":"e","53":"/","54":"s","55":"e","56":"t","57":"u","58":"p","59":"/","60":"s","61":"r","62":"c","63":"/","64":"A","65":"p","66":"p","67":".","68":"v","69":"u","70":"e","71":"\"","72":"]","73":",","74":"\"","75":"n","76":"a","77":"m","78":"e","79":"s","80":"\"","81":":","82":"[","83":"]","84":",","85":"\"","86":"m","87":"a","88":"p","89":"p","90":"i","91":"n","92":"g","93":"s","94":"\"","95":":","96":"\"","97":";","98":";","99":";","100":";","101":";","102":";","103":";","104":";","105":";","106":";","107":"I","108":"A","109":"K","110":"Q","111":",","112":"Q","113":"A","114":"A","115":"Q","116":",","117":"C","118":"A","119":"A","120":"C","121":",","122":"C","123":"A","124":"A","125":"C","126":"\"","127":",","128":"\"","129":"f","130":"i","131":"l","132":"e","133":"\"","134":":","135":"\"","136":"D","137":":","138":"\\","139":"\\","140":"N","141":"i","142":"m","143":"i","144":"t","145":"\\","146":"\\","147":"D","148":"o","149":"w","150":"n","151":"l","152":"o","153":"a","154":"d","155":"s","156":"\\","157":"\\","158":"n","159":"i","160":"m","161":"i","162":"t","163":"\\","164":"\\","165":"v","166":"u","167":"e","168":"\\","169":"\\","170":"s","171":"e","172":"t","173":"u","174":"p","175":"\\","176":"\\","177":"s","178":"r","179":"c","180":"\\","181":"\\","182":"A","183":"p","184":"p","185":".","186":"v","187":"u","188":"e","189":"\"","190":",","191":"\"","192":"s","193":"o","194":"u","195":"r","196":"c","197":"e","198":"s","199":"C","200":"o","201":"n","202":"t","203":"e","204":"n","205":"t","206":"\"","207":":","208":"[","209":"\"","210":"<","211":"t","212":"e","213":"m","214":"p","215":"l","216":"a","217":"t","218":"e","219":">","220":"\\","221":"n","222":" ","223":" ","224":"<","225":"S","226":"i","227":"d","228":"e","229":"b","230":"a","231":"r","232":" ","233":"/","234":">","235":"\\","236":"n","237":"<","238":"/","239":"t","240":"e","241":"m","242":"p","243":"l","244":"a","245":"t","246":"e","247":">","248":"\\","249":"n","250":"\\","251":"n","252":"<","253":"s","254":"c","255":"r","256":"i","257":"p","258":"t","259":" ","260":"l","261":"a","262":"n","263":"g","264":"=","265":"\\","266":"\"","267":"t","268":"s","269":"\\","270":"\"","271":" ","272":"s","273":"e","274":"t","275":"u","276":"p","277":">","278":"\\","279":"n","280":"/","281":"/","282":"\\","283":"n","284":"<","285":"/","286":"s","287":"c","288":"r","289":"i","290":"p","291":"t","292":">","293":"\\","294":"n","295":"\"","296":"]","297":"}"}}
,"D:\\Nimit\\Downloads\\nimit\\vue\\setup\\src\\main.ts": {"path":"D:\\Nimit\\Downloads\\nimit\\vue\\setup\\src\\main.ts","statementMap":{"0":{"start":{"line":8,"column":0},"end":{"line":8,"column":43}},"1":{"start":{"line":9,"column":0},"end":{"line":9,"column":38}},"2":{"start":{"line":11,"column":0},"end":{"line":11,"column":27}},"3":{"start":{"line":14,"column":0},"end":{"line":14,"column":31}},"4":{"start":{"line":16,"column":12},"end":{"line":16,"column":26}},"5":{"start":{"line":18,"column":0},"end":{"line":18,"column":null}},"6":{"start":{"line":19,"column":0},"end":{"line":19,"column":null}},"7":{"start":{"line":20,"column":0},"end":{"line":20,"column":null}}},"fnMap":{},"branchMap":{},"s":{"0":0,"1":0,"2":0,"3":0,"4":0,"5":0,"6":0,"7":0},"f":{},"b":{}}
,"D:\\Nimit\\Downloads\\nimit\\vue\\setup\\src\\vite-env.d.ts": {"path":"D:\\Nimit\\Downloads\\nimit\\vue\\setup\\src\\vite-env.d.ts","statementMap":{},"fnMap":{},"branchMap":{},"s":{},"f":{},"b":{}}
,"D:\\Nimit\\Downloads\\nimit\\vue\\setup\\src\\components\\HelloWorld.vue": {"path":"D:\\Nimit\\Downloads\\nimit\\vue\\setup\\src\\components\\HelloWorld.vue","statementMap":{"0":{"start":{"line":3,"column":0},"end":{"line":5,"column":3}},"1":{"start":{"line":6,"column":12},"end":{"line":6,"column":26}},"2":{"start":{"line":7,"column":16},"end":{"line":7,"column":34}},"3":{"start":{"line":8,"column":0},"end":{"line":28,"column":3}},"4":{"start":{"line":11,"column":19},"end":{"line":11,"column":28}},"5":{"start":{"line":12,"column":4},"end":{"line":12,"column":15}},"6":{"start":{"line":14,"column":16},"end":{"line":14,"column":41}},"7":{"start":{"line":16,"column":6},"end":{"line":16,"column":83}},"8":{"start":{"line":18,"column":23},"end":{"line":21,"column":5}},"9":{"start":{"line":22,"column":4},"end":{"line":25,"column":7}},"10":{"start":{"line":26,"column":4},"end":{"line":26,"column":24}},"11":{"start":{"line":30,"column":0},"end":{"line":30,"column":62}},"12":{"start":{"line":31,"column":0},"end":{"line":31,"column":24}},"13":{"start":{"line":32,"column":12},"end":{"line":32,"column":26}},"14":{"start":{"line":34,"column":33},"end":{"line":34,"column":75}},"15":{"start":{"line":35,"column":4},"end":{"line":40,"column":8}},"16":{"start":{"line":36,"column":50},"end":{"line":38,"column":10}},"17":{"start":{"line":42,"column":1},"end":{"line":42,"column":48}}},"fnMap":{"0":{"name":"(anonymous_0)","decl":{"start":{"line":10,"column":9},"end":{"line":10,"column":10}},"loc":{"start":{"line":10,"column":32},"end":{"line":27,"column":3}},"line":10},"1":{"name":"toggleTheme","decl":{"start":{"line":15,"column":13},"end":{"line":15,"column":24}},"loc":{"start":{"line":15,"column":27},"end":{"line":17,"column":5}},"line":15},"2":{"name":"render","decl":{"start":{"line":33,"column":9},"end":{"line":33,"column":15}},"loc":{"start":{"line":33,"column":63},"end":{"line":41,"column":1}},"line":33},"3":{"name":"(anonymous_3)","decl":{"start":{"line":36,"column":36},"end":{"line":36,"column":37}},"loc":{"start":{"line":36,"column":48},"end":{"line":38,"column":12}},"line":36}},"branchMap":{"0":{"loc":{"start":{"line":16,"column":32},"end":{"line":16,"column":82}},"type":"cond-expr","locations":[{"start":{"line":16,"column":66},"end":{"line":16,"column":73}},{"start":{"line":16,"column":76},"end":{"line":16,"column":82}}],"line":16}},"s":{"0":0,"1":0,"2":0,"3":0,"4":0,"5":0,"6":0,"7":0,"8":0,"9":0,"10":0,"11":0,"12":0,"13":0,"14":0,"15":0,"16":0,"17":0},"f":{"0":0,"1":0,"2":0,"3":0},"b":{"0":[0,0]},"inputSourceMap":{"0":"{","1":"\"","2":"v","3":"e","4":"r","5":"s","6":"i","7":"o","8":"n","9":"\"","10":":","11":"3","12":",","13":"\"","14":"s","15":"o","16":"u","17":"r","18":"c","19":"e","20":"s","21":"\"","22":":","23":"[","24":"\"","25":"D","26":":","27":"/","28":"N","29":"i","30":"m","31":"i","32":"t","33":"/","34":"D","35":"o","36":"w","37":"n","38":"l","39":"o","40":"a","41":"d","42":"s","43":"/","44":"n","45":"i","46":"m","47":"i","48":"t","49":"/","50":"v","51":"u","52":"e","53":"/","54":"s","55":"e","56":"t","57":"u","58":"p","59":"/","60":"s","61":"r","62":"c","63":"/","64":"c","65":"o","66":"m","67":"p","68":"o","69":"n","70":"e","71":"n","72":"t","73":"s","74":"/","75":"H","76":"e","77":"l","78":"l","79":"o","80":"W","81":"o","82":"r","83":"l","84":"d","85":".","86":"v","87":"u","88":"e","89":"\"","90":"]","91":",","92":"\"","93":"n","94":"a","95":"m","96":"e","97":"s","98":"\"","99":":","100":"[","101":"]","102":",","103":"\"","104":"m","105":"a","106":"p","107":"p","108":"i","109":"n","110":"g","111":"s","112":"\"","113":":","114":"\"","115":";","116":";","117":"A","118":"A","119":"Q","120":"A","121":",","122":"M","123":"A","124":"A","125":"M","126":",","127":"C","128":"A","129":"A","130":"C","131":",","132":"c","133":"A","134":"A","135":"c","136":",","137":"C","138":"A","139":"A","140":"C","141":",","142":"O","143":"A","144":"A","145":"O","146":",","147":"E","148":"A","149":"A","150":"E","151":",","152":"Y","153":"A","154":"A","155":"Y","156":",","157":"E","158":"A","159":"A","160":"E","161":";","162":"E","163":"A","164":"A","165":"E","166":",","167":"K","168":"A","169":"A","170":"K","171":",","172":"E","173":"A","174":"A","175":"E","176":";","177":"A","178":"A","179":"A","180":"K","181":",","182":"C","183":"A","184":"A","185":"C","186":",","187":"C","188":"A","189":"A","190":"C","191":";","192":";","193":";","194":";","195":";","196":";","197":";","198":";","199":"I","200":"A","201":"D","202":"r","203":"D","204":";","205":"I","206":"A","207":"G","208":"A","209":",","210":"I","211":"A","212":"A","213":"I","214":",","215":"K","216":"A","217":"A","218":"K","219":",","220":"G","221":"A","222":"A","223":"G","224":",","225":"C","226":"A","227":"A","228":"C","229":",","230":"C","231":"A","232":"A","233":"C","234":",","235":"E","236":"A","237":"A","238":"E","239":",","240":"S","241":"A","242":"A","243":"S","244":",","245":"C","246":"A","247":"A","248":"C","249":",","250":"Q","251":"A","252":"A","253":"Q","254":",","255":"E","256":"A","257":"A","258":"E","259":",","260":"C","261":"A","262":"A","263":"C","264":";","265":";","266":"M","267":"A","268":"E","269":"j","270":"C","271":",","272":"K","273":"A","274":"A","275":"K","276":",","277":"C","278":"A","279":"A","280":"C","281":",","282":"M","283":"A","284":"A","285":"M","286":",","287":"C","288":"A","289":"A","290":"C","291":",","292":"I","293":"A","294":"A","295":"I","296":",","297":"C","298":"A","299":"A","300":"C","301":",","302":"K","303":"A","304":"A","305":"K","306":",","307":"G","308":"A","309":"A","310":"G","311":",","312":"K","313":"A","314":"A","315":"K","316":",","317":"C","318":"A","319":"A","320":"C","321":",","322":"M","323":"A","324":"A","325":"M","326":",","327":"C","328":"A","329":"A","330":"C","331":",","332":"O","333":"A","334":"A","335":"O","336":",","337":"C","338":"A","339":"A","340":"C","341":",","342":"K","343":"A","344":"A","345":"K","346":",","347":"C","348":"A","349":"A","350":"C","351":",","352":"I","353":"A","354":"A","355":"I","356":",","357":"G","358":"A","359":"A","360":"G","361":",","362":"O","363":"A","364":"A","365":"O","366":",","367":"G","368":"A","369":"A","370":"G","371":",","372":"M","373":"A","374":"A","375":"M","376":";","377":"I","378":"A","379":"C","380":"h","381":"F","382":";","383":"I","384":"A","385":"C","386":"A","387":",","388":"I","389":"A","390":"A","391":"I","392":",","393":"Y","394":"A","395":"A","396":"Y","397":",","398":"G","399":"A","400":"A","401":"G","402":";","403":"M","404":"A","405":"A","406":"E","407":",","408":"K","409":"A","410":"A","411":"K","412":",","413":"E","414":"A","415":"A","416":"E","417":",","418":"K","419":"A","420":"A","421":"K","422":";","423":"M","424":"A","425":"A","426":"E","427":",","428":"W","429":"A","430":"A","431":"W","432":",","433":"E","434":"A","435":"A","436":"E","437":";","438":"I","439":"A","440":"A","441":"Y","442":",","443":"C","444":"A","445":"A","446":"C","447":"\"","448":",","449":"\"","450":"f","451":"i","452":"l","453":"e","454":"\"","455":":","456":"\"","457":"D","458":":","459":"\\","460":"\\","461":"N","462":"i","463":"m","464":"i","465":"t","466":"\\","467":"\\","468":"D","469":"o","470":"w","471":"n","472":"l","473":"o","474":"a","475":"d","476":"s","477":"\\","478":"\\","479":"n","480":"i","481":"m","482":"i","483":"t","484":"\\","485":"\\","486":"v","487":"u","488":"e","489":"\\","490":"\\","491":"s","492":"e","493":"t","494":"u","495":"p","496":"\\","497":"\\","498":"s","499":"r","500":"c","501":"\\","502":"\\","503":"c","504":"o","505":"m","506":"p","507":"o","508":"n","509":"e","510":"n","511":"t","512":"s","513":"\\","514":"\\","515":"H","516":"e","517":"l","518":"l","519":"o","520":"W","521":"o","522":"r","523":"l","524":"d","525":".","526":"v","527":"u","528":"e","529":"\"","530":",","531":"\"","532":"s","533":"o","534":"u","535":"r","536":"c","537":"e","538":"s","539":"C","540":"o","541":"n","542":"t","543":"e","544":"n","545":"t","546":"\"","547":":","548":"[","549":"\"","550":"<","551":"t","552":"e","553":"m","554":"p","555":"l","556":"a","557":"t","558":"e","559":">","560":"\\","561":"n","562":" ","563":" ","564":"<","565":"v","566":"-","567":"c","568":"o","569":"n","570":"t","571":"a","572":"i","573":"n","574":"e","575":"r","576":" ","577":"c","578":"l","579":"a","580":"s","581":"s","582":"=","583":"\\","584":"\"","585":"f","586":"i","587":"l","588":"l","589":"-","590":"h","591":"e","592":"i","593":"g","594":"h","595":"t","596":"\\","597":"\"","598":">","599":"\\","600":"n","601":" ","602":" ","603":" ","604":" ","605":"<","606":"b","607":"u","608":"t","609":"t","610":"o","611":"n","612":" ","613":"@","614":"c","615":"l","616":"i","617":"c","618":"k","619":"=","620":"\\","621":"\"","622":"t","623":"o","624":"g","625":"g","626":"l","627":"e","628":"T","629":"h","630":"e","631":"m","632":"e","633":"\\","634":"\"","635":">","636":"t","637":"h","638":"e","639":"m","640":"e","641":"<","642":"/","643":"b","644":"u","645":"t","646":"t","647":"o","648":"n","649":">","650":"\\","651":"n","652":" ","653":" ","654":"<","655":"/","656":"v","657":"-","658":"c","659":"o","660":"n","661":"t","662":"a","663":"i","664":"n","665":"e","666":"r","667":">","668":"\\","669":"n","670":"<","671":"/","672":"t","673":"e","674":"m","675":"p","676":"l","677":"a","678":"t","679":"e","680":">","681":"\\","682":"n","683":"\\","684":"n","685":"<","686":"s","687":"c","688":"r","689":"i","690":"p","691":"t","692":" ","693":"s","694":"e","695":"t","696":"u","697":"p","698":" ","699":"l","700":"a","701":"n","702":"g","703":"=","704":"\\","705":"\"","706":"t","707":"s","708":"\\","709":"\"","710":">","711":"\\","712":"n","713":"/","714":"/","715":"\\","716":"n","717":"i","718":"m","719":"p","720":"o","721":"r","722":"t","723":" ","724":"{","725":" ","726":"u","727":"s","728":"e","729":"T","730":"h","731":"e","732":"m","733":"e","734":" ","735":"}","736":" ","737":"f","738":"r","739":"o","740":"m","741":" ","742":"'","743":"v","744":"u","745":"e","746":"t","747":"i","748":"f","749":"y","750":"'","751":"\\","752":"n","753":"\\","754":"n","755":"c","756":"o","757":"n","758":"s","759":"t","760":" ","761":"t","762":"h","763":"e","764":"m","765":"e","766":" ","767":"=","768":" ","769":"u","770":"s","771":"e","772":"T","773":"h","774":"e","775":"m","776":"e","777":"(","778":")","779":"\\","780":"n","781":"\\","782":"n","783":"f","784":"u","785":"n","786":"c","787":"t","788":"i","789":"o","790":"n","791":" ","792":"t","793":"o","794":"g","795":"g","796":"l","797":"e","798":"T","799":"h","800":"e","801":"m","802":"e","803":"(","804":")","805":" ","806":"{","807":"\\","808":"n","809":" ","810":" ","811":"t","812":"h","813":"e","814":"m","815":"e","816":".","817":"g","818":"l","819":"o","820":"b","821":"a","822":"l","823":".","824":"n","825":"a","826":"m","827":"e","828":".","829":"v","830":"a","831":"l","832":"u","833":"e","834":" ","835":"=","836":" ","837":"t","838":"h","839":"e","840":"m","841":"e","842":".","843":"g","844":"l","845":"o","846":"b","847":"a","848":"l","849":".","850":"c","851":"u","852":"r","853":"r","854":"e","855":"n","856":"t","857":".","858":"v","859":"a","860":"l","861":"u","862":"e","863":".","864":"d","865":"a","866":"r","867":"k","868":" ","869":"?","870":" ","871":"'","872":"l","873":"i","874":"g","875":"h","876":"t","877":"'","878":" ","879":":","880":" ","881":"'","882":"d","883":"a","884":"r","885":"k","886":"'","887":"\\","888":"n","889":"}","890":"\\","891":"n","892":"<","893":"/","894":"s","895":"c","896":"r","897":"i","898":"p","899":"t","900":">","901":"\\","902":"n","903":"\"","904":"]","905":"}"}}
,"D:\\Nimit\\Downloads\\nimit\\vue\\setup\\src\\components\\globle\\sidebar\\Sidebar.vue": {"path":"D:\\Nimit\\Downloads\\nimit\\vue\\setup\\src\\components\\globle\\sidebar\\Sidebar.vue","statementMap":{"0":{"start":{"line":9,"column":4},"end":{"line":9,"column":15}},"1":{"start":{"line":10,"column":18},"end":{"line":10,"column":28}},"2":{"start":{"line":11,"column":18},"end":{"line":11,"column":28}},"3":{"start":{"line":12,"column":19},"end":{"line":12,"column":29}},"4":{"start":{"line":13,"column":24},"end":{"line":13,"column":36}},"5":{"start":{"line":14,"column":19},"end":{"line":16,"column":5}},"6":{"start":{"line":15,"column":6},"end":{"line":15,"column":35}},"7":{"start":{"line":18,"column":6},"end":{"line":18,"column":83}},"8":{"start":{"line":19,"column":6},"end":{"line":19,"column":60}},"9":{"start":{"line":21,"column":25},"end":{"line":21,"column":70}},"10":{"start":{"line":21,"column":40},"end":{"line":21,"column":69}},"11":{"start":{"line":22,"column":23},"end":{"line":26,"column":5}},"12":{"start":{"line":23,"column":6},"end":{"line":25,"column":9}},"13":{"start":{"line":27,"column":25},"end":{"line":44,"column":5}},"14":{"start":{"line":39,"column":8},"end":{"line":39,"column":24}},"15":{"start":{"line":42,"column":8},"end":{"line":42,"column":24}},"16":{"start":{"line":45,"column":4},"end":{"line":48,"column":7}},"17":{"start":{"line":49,"column":4},"end":{"line":49,"column":24}},"18":{"start":{"line":54,"column":0},"end":{"line":56,"column":3}},"19":{"start":{"line":57,"column":0},"end":{"line":57,"column":24}},"20":{"start":{"line":58,"column":11},"end":{"line":58,"column":25}},"21":{"start":{"line":59,"column":19},"end":{"line":64,"column":1}},"22":{"start":{"line":66,"column":33},"end":{"line":66,"column":74}},"23":{"start":{"line":67,"column":28},"end":{"line":67,"column":64}},"24":{"start":{"line":68,"column":31},"end":{"line":68,"column":70}},"25":{"start":{"line":69,"column":41},"end":{"line":69,"column":90}},"26":{"start":{"line":70,"column":29},"end":{"line":70,"column":66}},"27":{"start":{"line":71,"column":33},"end":{"line":71,"column":74}},"28":{"start":{"line":72,"column":28},"end":{"line":72,"column":64}},"29":{"start":{"line":73,"column":30},"end":{"line":73,"column":68}},"30":{"start":{"line":74,"column":28},"end":{"line":74,"column":64}},"31":{"start":{"line":75,"column":2},"end":{"line":133,"column":5}},"32":{"start":{"line":76,"column":37},"end":{"line":131,"column":7}},"33":{"start":{"line":77,"column":39},"end":{"line":129,"column":35}},"34":{"start":{"line":82,"column":41},"end":{"line":108,"column":11}},"35":{"start":{"line":83,"column":43},"end":{"line":87,"column":13}},"36":{"start":{"line":93,"column":43},"end":{"line":106,"column":52}},"37":{"start":{"line":115,"column":41},"end":{"line":127,"column":13}},"38":{"start":{"line":134,"column":2},"end":{"line":134,"column":49}}},"fnMap":{"0":{"name":"(anonymous_0)","decl":{"start":{"line":6,"column":2},"end":{"line":6,"column":3}},"loc":{"start":{"line":8,"column":5},"end":{"line":50,"column":3}},"line":8},"1":{"name":"(anonymous_1)","decl":{"start":{"line":14,"column":19},"end":{"line":14,"column":20}},"loc":{"start":{"line":14,"column":25},"end":{"line":16,"column":5}},"line":14},"2":{"name":"toggleTheme","decl":{"start":{"line":17,"column":13},"end":{"line":17,"column":24}},"loc":{"start":{"line":17,"column":27},"end":{"line":20,"column":5}},"line":17},"3":{"name":"(anonymous_3)","decl":{"start":{"line":21,"column":34},"end":{"line":21,"column":35}},"loc":{"start":{"line":21,"column":40},"end":{"line":21,"column":69}},"line":21},"4":{"name":"(anonymous_4)","decl":{"start":{"line":22,"column":23},"end":{"line":22,"column":24}},"loc":{"start":{"line":22,"column":29},"end":{"line":26,"column":5}},"line":22},"5":{"name":"(anonymous_5)","decl":{"start":{"line":38,"column":6},"end":{"line":38,"column":7}},"loc":{"start":{"line":38,"column":21},"end":{"line":40,"column":7}},"line":38},"6":{"name":"(anonymous_6)","decl":{"start":{"line":41,"column":6},"end":{"line":41,"column":7}},"loc":{"start":{"line":41,"column":21},"end":{"line":43,"column":7}},"line":41},"7":{"name":"render","decl":{"start":{"line":65,"column":9},"end":{"line":65,"column":15}},"loc":{"start":{"line":65,"column":63},"end":{"line":134,"column":1}},"line":65},"8":{"name":"(anonymous_8)","decl":{"start":{"line":76,"column":31},"end":{"line":76,"column":32}},"loc":{"start":{"line":76,"column":37},"end":{"line":131,"column":7}},"line":76},"9":{"name":"(anonymous_9)","decl":{"start":{"line":77,"column":33},"end":{"line":77,"column":34}},"loc":{"start":{"line":77,"column":39},"end":{"line":129,"column":35}},"line":77},"10":{"name":"(anonymous_10)","decl":{"start":{"line":82,"column":35},"end":{"line":82,"column":36}},"loc":{"start":{"line":82,"column":41},"end":{"line":108,"column":11}},"line":82},"11":{"name":"(anonymous_11)","decl":{"start":{"line":83,"column":37},"end":{"line":83,"column":38}},"loc":{"start":{"line":83,"column":43},"end":{"line":87,"column":13}},"line":83},"12":{"name":"(anonymous_12)","decl":{"start":{"line":93,"column":37},"end":{"line":93,"column":38}},"loc":{"start":{"line":93,"column":43},"end":{"line":106,"column":52}},"line":93},"13":{"name":"(anonymous_13)","decl":{"start":{"line":115,"column":35},"end":{"line":115,"column":36}},"loc":{"start":{"line":115,"column":41},"end":{"line":127,"column":13}},"line":115}},"branchMap":{"0":{"loc":{"start":{"line":18,"column":32},"end":{"line":18,"column":82}},"type":"cond-expr","locations":[{"start":{"line":18,"column":66},"end":{"line":18,"column":73}},{"start":{"line":18,"column":76},"end":{"line":18,"column":82}}],"line":18},"1":{"loc":{"start":{"line":102,"column":28},"end":{"line":102,"column":102}},"type":"cond-expr","locations":[{"start":{"line":102,"column":49},"end":{"line":102,"column":68}},{"start":{"line":102,"column":71},"end":{"line":102,"column":102}}],"line":102},"2":{"loc":{"start":{"line":111,"column":41},"end":{"line":111,"column":81}},"type":"cond-expr","locations":[{"start":{"line":111,"column":57},"end":{"line":111,"column":76}},{"start":{"line":111,"column":79},"end":{"line":111,"column":81}}],"line":111},"3":{"loc":{"start":{"line":115,"column":42},"end":{"line":125,"column":144}},"type":"cond-expr","locations":[{"start":{"line":115,"column":75},"end":{"line":125,"column":98}},{"start":{"line":125,"column":102},"end":{"line":125,"column":144}}],"line":115}},"s":{"0":0,"1":0,"2":0,"3":0,"4":0,"5":0,"6":0,"7":0,"8":0,"9":0,"10":0,"11":0,"12":0,"13":0,"14":0,"15":0,"16":0,"17":0,"18":0,"19":0,"20":0,"21":0,"22":0,"23":0,"24":0,"25":0,"26":0,"27":0,"28":0,"29":0,"30":0,"31":0,"32":0,"33":0,"34":0,"35":0,"36":0,"37":0,"38":0},"f":{"0":0,"1":0,"2":0,"3":0,"4":0,"5":0,"6":0,"7":0,"8":0,"9":0,"10":0,"11":0,"12":0,"13":0},"b":{"0":[0,0],"1":[0,0],"2":[0,0],"3":[0,0]},"inputSourceMap":{"0":"{","1":"\"","2":"v","3":"e","4":"r","5":"s","6":"i","7":"o","8":"n","9":"\"","10":":","11":"3","12":",","13":"\"","14":"s","15":"o","16":"u","17":"r","18":"c","19":"e","20":"s","21":"\"","22":":","23":"[","24":"\"","25":"D","26":":","27":"/","28":"N","29":"i","30":"m","31":"i","32":"t","33":"/","34":"D","35":"o","36":"w","37":"n","38":"l","39":"o","40":"a","41":"d","42":"s","43":"/","44":"n","45":"i","46":"m","47":"i","48":"t","49":"/","50":"v","51":"u","52":"e","53":"/","54":"s","55":"e","56":"t","57":"u","58":"p","59":"/","60":"s","61":"r","62":"c","63":"/","64":"c","65":"o","66":"m","67":"p","68":"o","69":"n","70":"e","71":"n","72":"t","73":"s","74":"/","75":"g","76":"l","77":"o","78":"b","79":"l","80":"e","81":"/","82":"s","83":"i","84":"d","85":"e","86":"b","87":"a","88":"r","89":"/","90":"S","91":"i","92":"d","93":"e","94":"b","95":"a","96":"r","97":".","98":"v","99":"u","100":"e","101":"\"","102":"]","103":",","104":"\"","105":"n","106":"a","107":"m","108":"e","109":"s","110":"\"","111":":","112":"[","113":"]","114":",","115":"\"","116":"m","117":"a","118":"p","119":"p","120":"i","121":"n","122":"g","123":"s","124":"\"","125":":","126":"\"","127":"A","128":"A","129":"0","130":"C","131":"A","132":",","133":"S","134":"A","135":"A","136":"S","137":",","138":"G","139":"A","140":"A","141":"G","142":",","143":"E","144":"A","145":"A","146":"E","147":",","148":"Q","149":"A","150":"A","151":"Q","152":",","153":"Q","154":"A","155":"A","156":"Q","157":",","158":"K","159":"A","160":"A","161":"K","162":";","163":"A","164":"A","165":"C","166":"n","167":"C","168":",","169":"S","170":"A","171":"A","172":"S","173":",","174":"Q","175":"A","176":"A","177":"Q","178":",","179":"Q","180":"A","181":"A","182":"Q","183":",","184":"S","185":"A","186":"A","187":"S","188":";","189":"A","190":"A","191":"C","192":"l","193":"C","194":",","195":"S","196":"A","197":"A","198":"S","199":",","200":"Q","201":"A","202":"A","203":"Q","204":",","205":"Q","206":"A","207":"A","208":"Q","209":",","210":"M","211":"A","212":"A","213":"M","214":";","215":";","216":";","217":";","218":";","219":";","220":";","221":"I","222":"A","223":"E","224":"/","225":"B","226":",","227":"M","228":"A","229":"A","230":"M","231":",","232":"K","233":"A","234":"A","235":"K","236":",","237":"G","238":"A","239":"A","240":"G","241":",","242":"Q","243":"A","244":"A","245":"Q","246":",","247":"C","248":"A","249":"A","250":"C","251":",","252":"C","253":"A","254":"A","255":"C","256":";","257":"I","258":"A","259":"C","260":"x","261":"B","262":",","263":"M","264":"A","265":"A","266":"M","267":",","268":"K","269":"A","270":"A","271":"K","272":",","273":"G","274":"A","275":"A","276":"G","277":",","278":"Q","279":"A","280":"A","281":"Q","282":",","283":"C","284":"A","285":"A","286":"C","287":",","288":"C","289":"A","290":"A","291":"C","292":";","293":"I","294":"A","295":"E","296":"x","297":"B","298":",","299":"M","300":"A","301":"A","302":"M","303":",","304":"M","305":"A","306":"A","307":"M","308":",","309":"G","310":"A","311":"A","312":"G","313":",","314":"G","315":"A","316":"A","317":"G","318":",","319":"C","320":"A","321":"A","322":"C","323":",","324":"K","325":"A","326":"A","327":"K","328":",","329":"C","330":"A","331":"A","332":"C","333":";","334":"I","335":"A","336":"C","337":"z","338":"B","339":",","340":"M","341":"A","342":"A","343":"M","344":",","345":"W","346":"A","347":"A","348":"W","349":",","350":"G","351":"A","352":"A","353":"G","354":",","355":"G","356":"A","357":"A","358":"G","359":",","360":"C","361":"A","362":"A","363":"C","364":",","365":"O","366":"A","367":"A","368":"O","369":",","370":"C","371":"A","372":"A","373":"C","374":";","375":"I","376":"A","377":"E","378":"h","379":"C","380":",","381":"M","382":"A","383":"A","384":"M","385":",","386":"M","387":"A","388":"A","389":"M","390":",","391":"G","392":"A","393":"A","394":"G","395":",","396":"M","397":"A","398":"A","399":"M","400":";","401":"M","402":"A","403":"C","404":"j","405":"B","406":",","407":"M","408":"A","409":"A","410":"M","411":",","412":"C","413":"A","414":"A","415":"C","416":",","417":"K","418":"A","419":"A","420":"K","421":",","422":"G","423":"A","424":"A","425":"G","426":",","427":"C","428":"A","429":"A","430":"C","431":",","432":"M","433":"A","434":"A","435":"M","436":",","437":"C","438":"A","439":"A","440":"C","441":",","442":"K","443":"A","444":"A","445":"K","446":";","447":"I","448":"A","449":"C","450":"h","451":"C","452":",","453":"C","454":"A","455":"A","456":"C","457":";","458":"I","459":"A","460":"E","461":"D","462":",","463":"S","464":"A","465":"A","466":"S","467":",","468":"W","469":"A","470":"A","471":"W","472":",","473":"G","474":"A","475":"A","476":"G","477":";","478":"M","479":"A","480":"C","481":"n","482":"B","483":",","484":"K","485":"A","486":"A","487":"K","488":",","489":"C","490":"A","491":"A","492":"C","493":",","494":"M","495":"A","496":"A","497":"M","498":",","499":"C","500":"A","501":"A","502":"C","503":",","504":"I","505":"A","506":"A","507":"I","508":",","509":"C","510":"A","511":"A","512":"C","513":",","514":"K","515":"A","516":"A","517":"K","518":",","519":"G","520":"A","521":"A","522":"G","523":",","524":"K","525":"A","526":"A","527":"K","528":",","529":"C","530":"A","531":"A","532":"C","533":",","534":"M","535":"A","536":"A","537":"M","538":",","539":"C","540":"A","541":"A","542":"C","543":",","544":"O","545":"A","546":"A","547":"O","548":",","549":"C","550":"A","551":"A","552":"C","553":",","554":"K","555":"A","556":"A","557":"K","558":",","559":"C","560":"A","561":"A","562":"C","563":",","564":"I","565":"A","566":"A","567":"I","568":",","569":"G","570":"A","571":"A","572":"G","573":",","574":"O","575":"A","576":"A","577":"O","578":",","579":"G","580":"A","581":"A","582":"G","583":",","584":"M","585":"A","586":"A","587":"M","588":";","589":"M","590":"A","591":"C","592":"5","593":"E","594":",","595":"W","596":"A","597":"A","598":"W","599":",","600":"C","601":"A","602":"A","603":"C","604":",","605":"K","606":"A","607":"A","608":"K","609":",","610":"G","611":"A","612":"A","613":"G","614":",","615":"K","616":"A","617":"A","618":"K","619":",","620":"C","621":"A","622":"A","623":"C","624":",","625":"M","626":"A","627":"A","628":"M","629":",","630":"C","631":"A","632":"A","633":"C","634":",","635":"I","636":"A","637":"A","638":"I","639":",","640":"C","641":"A","642":"A","643":"C","644":",","645":"K","646":"A","647":"A","648":"K","649":",","650":"I","651":"A","652":"A","653":"I","654":",","655":"M","656":"A","657":"A","658":"M","659":";","660":"I","661":"A","662":"C","663":"z","664":"D","665":";","666":"I","667":"A","668":"C","669":"A","670":",","671":"M","672":"A","673":"A","674":"M","675":",","676":"Y","677":"A","678":"A","679":"Y","680":",","681":"G","682":"A","683":"A","684":"G","685":",","686":"Q","687":"A","688":"A","689":"Q","690":",","691":"C","692":"A","693":"A","694":"C","695":",","696":"M","697":"A","698":"A","699":"M","700":",","701":"K","702":"A","703":"A","704":"K","705":",","706":"C","707":"A","708":"A","709":"C","710":",","711":"O","712":"A","713":"A","714":"O","715":",","716":"C","717":"A","718":"A","719":"C","720":",","721":"e","722":"A","723":"A","724":"e","725":",","726":"C","727":"A","728":"A","729":"C","730":";","731":"I","732":"A","733":"E","734":"l","735":"E","736":",","737":"M","738":"A","739":"A","740":"M","741":",","742":"U","743":"A","744":"A","745":"U","746":",","747":"G","748":"A","749":"A","750":"G","751":",","752":"M","753":"A","754":"A","755":"M","756":";","757":"M","758":"A","759":"C","760":"v","761":"B","762":",","763":"K","764":"A","765":"A","766":"K","767":",","768":"C","769":"A","770":"A","771":"C","772":",","773":"Q","774":"A","775":"A","776":"Q","777":",","778":"C","779":"A","780":"A","781":"C","782":",","783":"o","784":"B","785":"A","786":"A","787":"o","788":"B","789":",","790":"E","791":"A","792":"A","793":"E","794":";","795":"Q","796":"A","797":"A","798":"E","799":",","800":"S","801":"A","802":"A","803":"S","804":",","805":"E","806":"A","807":"A","808":"E","809":";","810":"M","811":"A","812":"A","813":"M","814":",","815":"C","816":"A","817":"A","818":"C","819":",","820":"C","821":"A","822":"A","823":"C","824":";","825":"I","826":"A","827":"C","828":"5","829":"D","830":",","831":"C","832":"A","833":"A","834":"C","835":"\"","836":",","837":"\"","838":"f","839":"i","840":"l","841":"e","842":"\"","843":":","844":"\"","845":"D","846":":","847":"\\","848":"\\","849":"N","850":"i","851":"m","852":"i","853":"t","854":"\\","855":"\\","856":"D","857":"o","858":"w","859":"n","860":"l","861":"o","862":"a","863":"d","864":"s","865":"\\","866":"\\","867":"n","868":"i","869":"m","870":"i","871":"t","872":"\\","873":"\\","874":"v","875":"u","876":"e","877":"\\","878":"\\","879":"s","880":"e","881":"t","882":"u","883":"p","884":"\\","885":"\\","886":"s","887":"r","888":"c","889":"\\","890":"\\","891":"c","892":"o","893":"m","894":"p","895":"o","896":"n","897":"e","898":"n","899":"t","900":"s","901":"\\","902":"\\","903":"g","904":"l","905":"o","906":"b","907":"l","908":"e","909":"\\","910":"\\","911":"s","912":"i","913":"d","914":"e","915":"b","916":"a","917":"r","918":"\\","919":"\\","920":"S","921":"i","922":"d","923":"e","924":"b","925":"a","926":"r","927":".","928":"v","929":"u","930":"e","931":"\"","932":",","933":"\"","934":"s","935":"o","936":"u","937":"r","938":"c","939":"e","940":"s","941":"C","942":"o","943":"n","944":"t","945":"e","946":"n","947":"t","948":"\"","949":":","950":"[","951":"\"","952":"<","953":"t","954":"e","955":"m","956":"p","957":"l","958":"a","959":"t","960":"e","961":">","962":"\\","963":"r","964":"\\","965":"n","966":" ","967":" ","968":" ","969":" ","970":"<","971":"v","972":"-","973":"c","974":"a","975":"r","976":"d","977":">","978":"\\","979":"r","980":"\\","981":"n","982":" ","983":" ","984":" ","985":" ","986":" ","987":" ","988":" ","989":" ","990":"<","991":"v","992":"-","993":"l","994":"a","995":"y","996":"o","997":"u","998":"t","999":">","1000":"\\","1001":"r","1002":"\\","1003":"n","1004":" ","1005":" ","1006":" ","1007":" ","1008":" ","1009":" ","1010":" ","1011":" ","1012":" ","1013":" ","1014":" ","1015":" ","1016":"<","1017":"v","1018":"-","1019":"n","1020":"a","1021":"v","1022":"i","1023":"g","1024":"a","1025":"t","1026":"i","1027":"o","1028":"n","1029":"-","1030":"d","1031":"r","1032":"a","1033":"w","1034":"e","1035":"r","1036":" ","1037":"e","1038":"x","1039":"p","1040":"a","1041":"n","1042":"d","1043":"-","1044":"o","1045":"n","1046":"-","1047":"h","1048":"o","1049":"v","1050":"e","1051":"r","1052":" ","1053":"@","1054":"u","1055":"p","1056":"d","1057":"a","1058":"t","1059":"e","1060":":","1061":"r","1062":"a","1063":"i","1064":"l","1065":"=","1066":"\\","1067":"\"","1068":"t","1069":"o","1070":"g","1071":"g","1072":"l","1073":"e","1074":"\\","1075":"\"","1076":" ","1077":"r","1078":"a","1079":"i","1080":"l","1081":">","1082":"\\","1083":"r","1084":"\\","1085":"n","1086":" ","1087":" ","1088":" ","1089":" ","1090":" ","1091":" ","1092":" ","1093":" ","1094":" ","1095":" ","1096":" ","1097":" ","1098":" ","1099":" ","1100":" ","1101":" ","1102":"<","1103":"v","1104":"-","1105":"l","1106":"i","1107":"s","1108":"t","1109":">","1110":"\\","1111":"r","1112":"\\","1113":"n","1114":" ","1115":" ","1116":" ","1117":" ","1118":" ","1119":" ","1120":" ","1121":" ","1122":" ","1123":" ","1124":" ","1125":" ","1126":" ","1127":" ","1128":" ","1129":" ","1130":" ","1131":" ","1132":" ","1133":" ","1134":"<","1135":"v","1136":"-","1137":"l","1138":"i","1139":"s","1140":"t","1141":"-","1142":"i","1143":"t","1144":"e","1145":"m","1146":" ","1147":"p","1148":"r","1149":"e","1150":"p","1151":"e","1152":"n","1153":"d","1154":"-","1155":"a","1156":"v","1157":"a","1158":"t","1159":"a","1160":"r","1161":"=","1162":"\\","1163":"\"","1164":"h","1165":"t","1166":"t","1167":"p","1168":"s","1169":":","1170":"/","1171":"/","1172":"r","1173":"a","1174":"n","1175":"d","1176":"o","1177":"m","1178":"u","1179":"s","1180":"e","1181":"r","1182":".","1183":"m","1184":"e","1185":"/","1186":"a","1187":"p","1188":"i","1189":"/","1190":"p","1191":"o","1192":"r","1193":"t","1194":"r","1195":"a","1196":"i","1197":"t","1198":"s","1199":"/","1200":"w","1201":"o","1202":"m","1203":"e","1204":"n","1205":"/","1206":"8","1207":"5","1208":".","1209":"j","1210":"p","1211":"g","1212":"\\","1213":"\"","1214":"\\","1215":"r","1216":"\\","1217":"n","1218":" ","1219":" ","1220":" ","1221":" ","1222":" ","1223":" ","1224":" ","1225":" ","1226":" ","1227":" ","1228":" ","1229":" ","1230":" ","1231":" ","1232":" ","1233":" ","1234":" ","1235":" ","1236":" ","1237":" ","1238":" ","1239":" ","1240":" ","1241":" ","1242":"s","1243":"u","1244":"b","1245":"t","1246":"i","1247":"t","1248":"l","1249":"e","1250":"=","1251":"\\","1252":"\"","1253":"s","1254":"a","1255":"n","1256":"d","1257":"r","1258":"a","1259":"_","1260":"a","1261":"8","1262":"8","1263":"@","1264":"g","1265":"m","1266":"a","1267":"i","1268":"l","1269":"c","1270":"o","1271":"m","1272":"\\","1273":"\"","1274":" ","1275":"t","1276":"i","1277":"t","1278":"l","1279":"e","1280":"=","1281":"\\","1282":"\"","1283":"S","1284":"a","1285":"n","1286":"d","1287":"r","1288":"a","1289":" ","1290":"A","1291":"d","1292":"a","1293":"m","1294":"s","1295":"\\","1296":"\"","1297":">","1298":"<","1299":"/","1300":"v","1301":"-","1302":"l","1303":"i","1304":"s","1305":"t","1306":"-","1307":"i","1308":"t","1309":"e","1310":"m","1311":">","1312":"\\","1313":"r","1314":"\\","1315":"n","1316":" ","1317":" ","1318":" ","1319":" ","1320":" ","1321":" ","1322":" ","1323":" ","1324":" ","1325":" ","1326":" ","1327":" ","1328":" ","1329":" ","1330":" ","1331":" ","1332":"<","1333":"/","1334":"v","1335":"-","1336":"l","1337":"i","1338":"s","1339":"t","1340":">","1341":"\\","1342":"r","1343":"\\","1344":"n","1345":"\\","1346":"r","1347":"\\","1348":"n","1349":" ","1350":" ","1351":" ","1352":" ","1353":" ","1354":" ","1355":" ","1356":" ","1357":" ","1358":" ","1359":" ","1360":" ","1361":" ","1362":" ","1363":" ","1364":" ","1365":"<","1366":"v","1367":"-","1368":"d","1369":"i","1370":"v","1371":"i","1372":"d","1373":"e","1374":"r","1375":">","1376":"<","1377":"/","1378":"v","1379":"-","1380":"d","1381":"i","1382":"v","1383":"i","1384":"d","1385":"e","1386":"r","1387":">","1388":"\\","1389":"r","1390":"\\","1391":"n","1392":"\\","1393":"r","1394":"\\","1395":"n","1396":" ","1397":" ","1398":" ","1399":" ","1400":" ","1401":" ","1402":" ","1403":" ","1404":" ","1405":" ","1406":" ","1407":" ","1408":" ","1409":" ","1410":" ","1411":" ","1412":"<","1413":"v","1414":"-","1415":"l","1416":"i","1417":"s","1418":"t","1419":" ","1420":"d","1421":"e","1422":"n","1423":"s","1424":"i","1425":"t","1426":"y","1427":"=","1428":"\\","1429":"\"","1430":"c","1431":"o","1432":"m","1433":"p","1434":"a","1435":"c","1436":"t","1437":"\\","1438":"\"","1439":" ","1440":"n","1441":"a","1442":"v","1443":">","1444":"\\","1445":"r","1446":"\\","1447":"n","1448":" ","1449":" ","1450":" ","1451":" ","1452":" ","1453":" ","1454":" ","1455":" ","1456":" ","1457":" ","1458":" ","1459":" ","1460":" ","1461":" ","1462":" ","1463":" ","1464":" ","1465":" ","1466":" ","1467":" ","1468":"<","1469":"v","1470":"-","1471":"l","1472":"i","1473":"s","1474":"t","1475":"-","1476":"i","1477":"t","1478":"e","1479":"m","1480":" ","1481":"p","1482":"r","1483":"e","1484":"p","1485":"e","1486":"n","1487":"d","1488":"-","1489":"i","1490":"c","1491":"o","1492":"n","1493":"=","1494":"\\","1495":"\"","1496":"m","1497":"d","1498":"i","1499":"-","1500":"a","1501":"c","1502":"c","1503":"o","1504":"u","1505":"n","1506":"t","1507":"-","1508":"m","1509":"u","1510":"l","1511":"t","1512":"i","1513":"p","1514":"l","1515":"e","1516":"\\","1517":"\"","1518":" ","1519":"t","1520":"i","1521":"t","1522":"l","1523":"e","1524":"=","1525":"\\","1526":"\"","1527":"S","1528":"h","1529":"a","1530":"r","1531":"e","1532":"d","1533":" ","1534":"w","1535":"i","1536":"t","1537":"h","1538":" ","1539":"m","1540":"e","1541":"\\","1542":"\"","1543":"\\","1544":"r","1545":"\\","1546":"n","1547":" ","1548":" ","1549":" ","1550":" ","1551":" ","1552":" ","1553":" ","1554":" ","1555":" ","1556":" ","1557":" ","1558":" ","1559":" ","1560":" ","1561":" ","1562":" ","1563":" ","1564":" ","1565":" ","1566":" ","1567":" ","1568":" ","1569":" ","1570":" ","1571":"v","1572":"a","1573":"l","1574":"u","1575":"e","1576":"=","1577":"\\","1578":"\"","1579":"s","1580":"h","1581":"a","1582":"r","1583":"e","1584":"d","1585":"\\","1586":"\"","1587":">","1588":"<","1589":"/","1590":"v","1591":"-","1592":"l","1593":"i","1594":"s","1595":"t","1596":"-","1597":"i","1598":"t","1599":"e","1600":"m","1601":">","1602":"\\","1603":"r","1604":"\\","1605":"n","1606":" ","1607":" ","1608":" ","1609":" ","1610":" ","1611":" ","1612":" ","1613":" ","1614":" ","1615":" ","1616":" ","1617":" ","1618":" ","1619":" ","1620":" ","1621":" ","1622":" ","1623":" ","1624":" ","1625":" ","1626":"<","1627":"v","1628":"-","1629":"l","1630":"i","1631":"s","1632":"t","1633":"-","1634":"i","1635":"t","1636":"e","1637":"m","1638":" ","1639":"p","1640":"r","1641":"e","1642":"p","1643":"e","1644":"n","1645":"d","1646":"-","1647":"i","1648":"c","1649":"o","1650":"n","1651":"=","1652":"\\","1653":"\"","1654":"m","1655":"d","1656":"i","1657":"-","1658":"s","1659":"t","1660":"a","1661":"r","1662":"\\","1663":"\"","1664":" ","1665":"t","1666":"i","1667":"t","1668":"l","1669":"e","1670":"=","1671":"\\","1672":"\"","1673":"S","1674":"t","1675":"a","1676":"r","1677":"r","1678":"e","1679":"d","1680":"\\","1681":"\"","1682":" ","1683":"v","1684":"a","1685":"l","1686":"u","1687":"e","1688":"=","1689":"\\","1690":"\"","1691":"s","1692":"t","1693":"a","1694":"r","1695":"r","1696":"e","1697":"d","1698":"\\","1699":"\"","1700":">","1701":"<","1702":"/","1703":"v","1704":"-","1705":"l","1706":"i","1707":"s","1708":"t","1709":"-","1710":"i","1711":"t","1712":"e","1713":"m","1714":">","1715":"\\","1716":"r","1717":"\\","1718":"n","1719":" ","1720":" ","1721":" ","1722":" ","1723":" ","1724":" ","1725":" ","1726":" ","1727":" ","1728":" ","1729":" ","1730":" ","1731":" ","1732":" ","1733":" ","1734":" ","1735":" ","1736":" ","1737":" ","1738":" ","1739":"<","1740":"v","1741":"-","1742":"l","1743":"i","1744":"s","1745":"t","1746":"-","1747":"i","1748":"t","1749":"e","1750":"m","1751":" ","1752":":","1753":"p","1754":"r","1755":"e","1756":"p","1757":"e","1758":"n","1759":"d","1760":"-","1761":"i","1762":"c","1763":"o","1764":"n","1765":"=","1766":"\\","1767":"\"","1768":"i","1769":"s","1770":"D","1771":"a","1772":"r","1773":"k","1774":"T","1775":"h","1776":"e","1777":"m","1778":"e","1779":" ","1780":"?","1781":" ","1782":"'","1783":"m","1784":"d","1785":"i","1786":"-","1787":"t","1788":"o","1789":"g","1790":"g","1791":"l","1792":"e","1793":"-","1794":"s","1795":"w","1796":"i","1797":"t","1798":"c","1799":"h","1800":"'","1801":" ","1802":":","1803":" ","1804":"'","1805":"m","1806":"d","1807":"i","1808":"-","1809":"t","1810":"o","1811":"g","1812":"g","1813":"l","1814":"e","1815":"-","1816":"s","1817":"w","1818":"i","1819":"t","1820":"c","1821":"h","1822":"-","1823":"o","1824":"f","1825":"f","1826":"-","1827":"o","1828":"u","1829":"t","1830":"l","1831":"i","1832":"n","1833":"e","1834":"'","1835":"\\","1836":"\"","1837":"\\","1838":"r","1839":"\\","1840":"n","1841":" ","1842":" ","1843":" ","1844":" ","1845":" ","1846":" ","1847":" ","1848":" ","1849":" ","1850":" ","1851":" ","1852":" ","1853":" ","1854":" ","1855":" ","1856":" ","1857":" ","1858":" ","1859":" ","1860":" ","1861":" ","1862":" ","1863":" ","1864":" ","1865":"t","1866":"i","1867":"t","1868":"l","1869":"e","1870":"=","1871":"\\","1872":"\"","1873":"T","1874":"o","1875":"g","1876":"g","1877":"l","1878":"e","1879":"\\","1880":"\"","1881":" ","1882":"v","1883":"a","1884":"l","1885":"u","1886":"e","1887":"=","1888":"\\","1889":"\"","1890":"t","1891":"o","1892":"g","1893":"g","1894":"l","1895":"e","1896":"\\","1897":"\"","1898":" ","1899":"@","1900":"c","1901":"l","1902":"i","1903":"c","1904":"k","1905":"=","1906":"\\","1907":"\"","1908":"t","1909":"o","1910":"g","1911":"g","1912":"l","1913":"e","1914":"T","1915":"h","1916":"e","1917":"m","1918":"e","1919":"\\","1920":"\"","1921":">","1922":"<","1923":"/","1924":"v","1925":"-","1926":"l","1927":"i","1928":"s","1929":"t","1930":"-","1931":"i","1932":"t","1933":"e","1934":"m","1935":">","1936":"\\","1937":"r","1938":"\\","1939":"n","1940":" ","1941":" ","1942":" ","1943":" ","1944":" ","1945":" ","1946":" ","1947":" ","1948":" ","1949":" ","1950":" ","1951":" ","1952":" ","1953":" ","1954":" ","1955":" ","1956":"<","1957":"/","1958":"v","1959":"-","1960":"l","1961":"i","1962":"s","1963":"t","1964":">","1965":"\\","1966":"r","1967":"\\","1968":"n","1969":" ","1970":" ","1971":" ","1972":" ","1973":" ","1974":" ","1975":" ","1976":" ","1977":" ","1978":" ","1979":" ","1980":" ","1981":"<","1982":"/","1983":"v","1984":"-","1985":"n","1986":"a","1987":"v","1988":"i","1989":"g","1990":"a","1991":"t","1992":"i","1993":"o","1994":"n","1995":"-","1996":"d","1997":"r","1998":"a","1999":"w","2000":"e","2001":"r","2002":">","2003":"\\","2004":"r","2005":"\\","2006":"n","2007":"\\","2008":"r","2009":"\\","2010":"n","2011":" ","2012":" ","2013":" ","2014":" ","2015":" ","2016":" ","2017":" ","2018":" ","2019":" ","2020":" ","2021":" ","2022":" ","2023":"<","2024":"v","2025":"-","2026":"m","2027":"a","2028":"i","2029":"n","2030":" ","2031":":","2032":"s","2033":"t","2034":"y","2035":"l","2036":"e","2037":"=","2038":"\\","2039":"\"","2040":"d","2041":"r","2042":"a","2043":"w","2044":"e","2045":"r","2046":" ","2047":"?","2048":" ","2049":"'","2050":"m","2051":"a","2052":"r","2053":"g","2054":"i","2055":"n","2056":"-","2057":"l","2058":"e","2059":"f","2060":"t","2061":":","2062":"2","2063":"1","2064":"6","2065":"p","2066":"x","2067":"'","2068":" ","2069":":","2070":" ","2071":"'","2072":"'","2073":"\\","2074":"\"","2075":" ","2076":"s","2077":"t","2078":"y","2079":"l","2080":"e","2081":"=","2082":"\\","2083":"\"","2084":"h","2085":"e","2086":"i","2087":"g","2088":"h","2089":"t","2090":":","2091":" ","2092":"1","2093":"0","2094":"0","2095":"v","2096":"h","2097":";","2098":"\\","2099":"\"","2100":">","2101":"\\","2102":"r","2103":"\\","2104":"n","2105":" ","2106":" ","2107":" ","2108":" ","2109":" ","2110":" ","2111":" ","2112":" ","2113":" ","2114":" ","2115":" ","2116":" ","2117":" ","2118":" ","2119":" ","2120":" ","2121":"<","2122":"v","2123":"-","2124":"a","2125":"l","2126":"e","2127":"r","2128":"t","2129":" ","2130":"\\","2131":"r","2132":"\\","2133":"n","2134":" ","2135":" ","2136":" ","2137":" ","2138":" ","2139":" ","2140":" ","2141":" ","2142":" ","2143":" ","2144":" ","2145":" ","2146":" ","2147":" ","2148":" ","2149":" ","2150":" ","2151":"v","2152":"-","2153":"i","2154":"f","2155":"=","2156":"\\","2157":"\"","2158":"a","2159":"l","2160":"e","2161":"r","2162":"t","2163":"D","2164":"e","2165":"t","2166":"a","2167":"i","2168":"l","2169":"s","2170":".","2171":"s","2172":"h","2173":"o","2174":"w","2175":"A","2176":"l","2177":"e","2178":"r","2179":"t","2180":"\\","2181":"\"","2182":" ","2183":"\\","2184":"r","2185":"\\","2186":"n","2187":" ","2188":" ","2189":" ","2190":" ","2191":" ","2192":" ","2193":" ","2194":" ","2195":" ","2196":" ","2197":" ","2198":" ","2199":" ","2200":" ","2201":" ","2202":" ","2203":" ","2204":" ","2205":" ","2206":" ","2207":":","2208":"c","2209":"l","2210":"o","2211":"s","2212":"a","2213":"b","2214":"l","2215":"e","2216":"=","2217":"\\","2218":"\"","2219":"a","2220":"l","2221":"e","2222":"r","2223":"t","2224":"D","2225":"e","2226":"t","2227":"a","2228":"i","2229":"l","2230":"s","2231":".","2232":"c","2233":"l","2234":"o","2235":"s","2236":"a","2237":"b","2238":"l","2239":"e","2240":"\\","2241":"\"","2242":" ","2243":"\\","2244":"r","2245":"\\","2246":"n","2247":" ","2248":" ","2249":" ","2250":" ","2251":" ","2252":" ","2253":" ","2254":" ","2255":" ","2256":" ","2257":" ","2258":" ","2259":" ","2260":" ","2261":" ","2262":" ","2263":" ","2264":" ","2265":" ","2266":" ","2267":":","2268":"i","2269":"c","2270":"o","2271":"n","2272":"=","2273":"\\","2274":"\"","2275":"a","2276":"l","2277":"e","2278":"r","2279":"t","2280":"D","2281":"e","2282":"t","2283":"a","2284":"i","2285":"l","2286":"s","2287":".","2288":"i","2289":"c","2290":"o","2291":"n","2292":"\\","2293":"\"","2294":"\\","2295":"r","2296":"\\","2297":"n","2298":" ","2299":" ","2300":" ","2301":" ","2302":" ","2303":" ","2304":" ","2305":" ","2306":" ","2307":" ","2308":" ","2309":" ","2310":" ","2311":" ","2312":" ","2313":" ","2314":" ","2315":" ","2316":" ","2317":" ","2318":":","2319":"t","2320":"i","2321":"t","2322":"l","2323":"e","2324":"=","2325":"\\","2326":"\"","2327":"a","2328":"l","2329":"e","2330":"r","2331":"t","2332":"D","2333":"e","2334":"t","2335":"a","2336":"i","2337":"l","2338":"s","2339":".","2340":"t","2341":"i","2342":"t","2343":"l","2344":"e","2345":"\\","2346":"\"","2347":" ","2348":"\\","2349":"r","2350":"\\","2351":"n","2352":" ","2353":" ","2354":" ","2355":" ","2356":" ","2357":" ","2358":" ","2359":" ","2360":" ","2361":" ","2362":" ","2363":" ","2364":" ","2365":" ","2366":" ","2367":" ","2368":" ","2369":" ","2370":" ","2371":" ","2372":":","2373":"t","2374":"e","2375":"x","2376":"t","2377":"=","2378":"\\","2379":"\"","2380":"a","2381":"l","2382":"e","2383":"r","2384":"t","2385":"D","2386":"e","2387":"t","2388":"a","2389":"i","2390":"l","2391":"s","2392":".","2393":"t","2394":"e","2395":"x","2396":"t","2397":"\\","2398":"\"","2399":" ","2400":"\\","2401":"r","2402":"\\","2403":"n","2404":" ","2405":" ","2406":" ","2407":" ","2408":" ","2409":" ","2410":" ","2411":" ","2412":" ","2413":" ","2414":" ","2415":" ","2416":" ","2417":" ","2418":" ","2419":" ","2420":" ","2421":" ","2422":" ","2423":" ","2424":":","2425":"v","2426":"a","2427":"r","2428":"i","2429":"a","2430":"n","2431":"t","2432":"=","2433":"\\","2434":"\"","2435":"a","2436":"l","2437":"e","2438":"r","2439":"t","2440":"D","2441":"e","2442":"t","2443":"a","2444":"i","2445":"l","2446":"s","2447":".","2448":"v","2449":"a","2450":"r","2451":"i","2452":"a","2453":"n","2454":"t","2455":"\\","2456":"\"","2457":"\\","2458":"r","2459":"\\","2460":"n","2461":" ","2462":" ","2463":" ","2464":" ","2465":" ","2466":" ","2467":" ","2468":" ","2469":" ","2470":" ","2471":" ","2472":" ","2473":" ","2474":" ","2475":" ","2476":" ","2477":" ","2478":" ","2479":" ","2480":" ","2481":":","2482":"t","2483":"y","2484":"p","2485":"e","2486":"=","2487":"\\","2488":"\"","2489":"a","2490":"l","2491":"e","2492":"r","2493":"t","2494":"D","2495":"e","2496":"t","2497":"a","2498":"i","2499":"l","2500":"s","2501":".","2502":"t","2503":"y","2504":"p","2505":"e","2506":"\\","2507":"\"","2508":"\\","2509":"r","2510":"\\","2511":"n","2512":" ","2513":" ","2514":" ","2515":" ","2516":" ","2517":" ","2518":" ","2519":" ","2520":" ","2521":" ","2522":" ","2523":" ","2524":" ","2525":" ","2526":" ","2527":" ","2528":" ","2529":" ","2530":" ","2531":" ","2532":":","2533":"c","2534":"o","2535":"l","2536":"o","2537":"r","2538":"=","2539":"\\","2540":"\"","2541":"a","2542":"l","2543":"e","2544":"r","2545":"t","2546":"D","2547":"e","2548":"t","2549":"a","2550":"i","2551":"l","2552":"s","2553":".","2554":"t","2555":"y","2556":"p","2557":"e","2558":"\\","2559":"\"","2560":"\\","2561":"r","2562":"\\","2563":"n","2564":" ","2565":" ","2566":" ","2567":" ","2568":" ","2569":" ","2570":" ","2571":" ","2572":" ","2573":" ","2574":" ","2575":" ","2576":" ","2577":" ","2578":" ","2579":" ","2580":" ","2581":" ","2582":" ","2583":" ","2584":"@","2585":"c","2586":"l","2587":"i","2588":"c","2589":"k","2590":":","2591":"c","2592":"l","2593":"o","2594":"s","2595":"e","2596":"=","2597":"\\","2598":"\"","2599":"c","2600":"l","2601":"o","2602":"s","2603":"e","2604":"A","2605":"l","2606":"e","2607":"r","2608":"t","2609":"\\","2610":"\"","2611":"\\","2612":"r","2613":"\\","2614":"n","2615":" ","2616":" ","2617":" ","2618":" ","2619":" ","2620":" ","2621":" ","2622":" ","2623":" ","2624":" ","2625":" ","2626":" ","2627":" ","2628":" ","2629":" ","2630":" ","2631":">","2632":"\\","2633":"r","2634":"\\","2635":"n","2636":" ","2637":" ","2638":" ","2639":" ","2640":" ","2641":" ","2642":" ","2643":" ","2644":" ","2645":" ","2646":" ","2647":" ","2648":" ","2649":" ","2650":" ","2651":" ","2652":"<","2653":"/","2654":"v","2655":"-","2656":"a","2657":"l","2658":"e","2659":"r","2660":"t","2661":">","2662":"\\","2663":"r","2664":"\\","2665":"n","2666":" ","2667":" ","2668":" ","2669":" ","2670":" ","2671":" ","2672":" ","2673":" ","2674":" ","2675":" ","2676":" ","2677":" ","2678":" ","2679":" ","2680":" ","2681":" ","2682":"<","2683":"d","2684":"i","2685":"v","2686":" ","2687":"c","2688":"l","2689":"a","2690":"s","2691":"s","2692":"=","2693":"\\","2694":"\"","2695":"p","2696":"x","2697":"-","2698":"5","2699":" ","2700":"b","2701":"o","2702":"r","2703":"d","2704":"e","2705":"r","2706":" ","2707":"o","2708":"v","2709":"e","2710":"r","2711":"f","2712":"l","2713":"o","2714":"w","2715":"-","2716":"y","2717":"-","2718":"s","2719":"c","2720":"r","2721":"o","2722":"l","2723":"l","2724":" ","2725":"n","2726":"o","2727":"-","2728":"s","2729":"c","2730":"r","2731":"o","2732":"l","2733":"l","2734":"b","2735":"a","2736":"r","2737":"\\","2738":"\"","2739":" ","2740":"s","2741":"t","2742":"y","2743":"l","2744":"e","2745":"=","2746":"\\","2747":"\"","2748":"h","2749":"e","2750":"i","2751":"g","2752":"h","2753":"t","2754":":","2755":" ","2756":"i","2757":"n","2758":"h","2759":"e","2760":"r","2761":"i","2762":"t","2763":";","2764":"\\","2765":"\"","2766":">","2767":"\\","2768":"r","2769":"\\","2770":"n","2771":" ","2772":" ","2773":" ","2774":" ","2775":" ","2776":" ","2777":" ","2778":" ","2779":" ","2780":" ","2781":" ","2782":" ","2783":" ","2784":" ","2785":" ","2786":" ","2787":" ","2788":" ","2789":" ","2790":" ","2791":"<","2792":"r","2793":"o","2794":"u","2795":"t","2796":"e","2797":"r","2798":"-","2799":"v","2800":"i","2801":"e","2802":"w","2803":" ","2804":"c","2805":"l","2806":"a","2807":"s","2808":"s","2809":"=","2810":"\\","2811":"\"","2812":"p","2813":"x","2814":"-","2815":"5","2816":"\\","2817":"\"","2818":"/","2819":">","2820":"\\","2821":"r","2822":"\\","2823":"n","2824":" ","2825":" ","2826":" ","2827":" ","2828":" ","2829":" ","2830":" ","2831":" ","2832":" ","2833":" ","2834":" ","2835":" ","2836":" ","2837":" ","2838":" ","2839":" ","2840":"<","2841":"/","2842":"d","2843":"i","2844":"v","2845":">","2846":"\\","2847":"r","2848":"\\","2849":"n","2850":" ","2851":" ","2852":" ","2853":" ","2854":" ","2855":" ","2856":" ","2857":" ","2858":" ","2859":" ","2860":" ","2861":" ","2862":"<","2863":"/","2864":"v","2865":"-","2866":"m","2867":"a","2868":"i","2869":"n","2870":">","2871":"\\","2872":"r","2873":"\\","2874":"n","2875":" ","2876":" ","2877":" ","2878":" ","2879":" ","2880":" ","2881":" ","2882":" ","2883":"<","2884":"/","2885":"v","2886":"-","2887":"l","2888":"a","2889":"y","2890":"o","2891":"u","2892":"t","2893":">","2894":"\\","2895":"r","2896":"\\","2897":"n","2898":" ","2899":" ","2900":" ","2901":" ","2902":"<","2903":"/","2904":"v","2905":"-","2906":"c","2907":"a","2908":"r","2909":"d","2910":">","2911":"\\","2912":"r","2913":"\\","2914":"n","2915":"<","2916":"/","2917":"t","2918":"e","2919":"m","2920":"p","2921":"l","2922":"a","2923":"t","2924":"e","2925":">","2926":"\\","2927":"r","2928":"\\","2929":"n","2930":"\\","2931":"r","2932":"\\","2933":"n","2934":"<","2935":"s","2936":"c","2937":"r","2938":"i","2939":"p","2940":"t","2941":" ","2942":"s","2943":"e","2944":"t","2945":"u","2946":"p","2947":">","2948":"\\","2949":"r","2950":"\\","2951":"n","2952":"i","2953":"m","2954":"p","2955":"o","2956":"r","2957":"t","2958":" ","2959":"{","2960":" ","2961":"r","2962":"e","2963":"f","2964":" ","2965":",","2966":"c","2967":"o","2968":"m","2969":"p","2970":"u","2971":"t","2972":"e","2973":"d","2974":" ","2975":"}","2976":" ","2977":"f","2978":"r","2979":"o","2980":"m","2981":" ","2982":"'","2983":"v","2984":"u","2985":"e","2986":"'","2987":";","2988":"\\","2989":"r","2990":"\\","2991":"n","2992":"i","2993":"m","2994":"p","2995":"o","2996":"r","2997":"t","2998":" ","2999":"{","3000":" ","3001":"u","3002":"s","3003":"e","3004":"T","3005":"h","3006":"e","3007":"m","3008":"e","3009":" ","3010":"}","3011":" ","3012":"f","3013":"r","3014":"o","3015":"m","3016":" ","3017":"'","3018":"v","3019":"u","3020":"e","3021":"t","3022":"i","3023":"f","3024":"y","3025":"'","3026":"\\","3027":"r","3028":"\\","3029":"n","3030":"i","3031":"m","3032":"p","3033":"o","3034":"r","3035":"t","3036":" ","3037":"{","3038":" ","3039":"u","3040":"s","3041":"e","3042":"S","3043":"t","3044":"o","3045":"r","3046":"e","3047":" ","3048":"}","3049":" ","3050":"f","3051":"r","3052":"o","3053":"m","3054":" ","3055":"'","3056":"v","3057":"u","3058":"e","3059":"x","3060":"'","3061":";","3062":"\\","3063":"r","3064":"\\","3065":"n","3066":"\\","3067":"r","3068":"\\","3069":"n","3070":"c","3071":"o","3072":"n","3073":"s","3074":"t","3075":" ","3076":"s","3077":"t","3078":"o","3079":"r","3080":"e","3081":" ","3082":"=","3083":" ","3084":"u","3085":"s","3086":"e","3087":"S","3088":"t","3089":"o","3090":"r","3091":"e","3092":"(","3093":")","3094":";","3095":"\\","3096":"r","3097":"\\","3098":"n","3099":"c","3100":"o","3101":"n","3102":"s","3103":"t","3104":" ","3105":"t","3106":"h","3107":"e","3108":"m","3109":"e","3110":" ","3111":"=","3112":" ","3113":"u","3114":"s","3115":"e","3116":"T","3117":"h","3118":"e","3119":"m","3120":"e","3121":"(","3122":")","3123":"\\","3124":"r","3125":"\\","3126":"n","3127":"\\","3128":"r","3129":"\\","3130":"n","3131":"c","3132":"o","3133":"n","3134":"s","3135":"t","3136":" ","3137":"d","3138":"r","3139":"a","3140":"w","3141":"e","3142":"r","3143":" ","3144":"=","3145":" ","3146":"r","3147":"e","3148":"f","3149":"(","3150":"f","3151":"a","3152":"l","3153":"s","3154":"e","3155":")","3156":";","3157":"\\","3158":"r","3159":"\\","3160":"n","3161":"c","3162":"o","3163":"n","3164":"s","3165":"t","3166":" ","3167":"i","3168":"s","3169":"D","3170":"a","3171":"r","3172":"k","3173":"T","3174":"h","3175":"e","3176":"m","3177":"e","3178":" ","3179":"=","3180":" ","3181":"r","3182":"e","3183":"f","3184":"(","3185":"'","3186":"f","3187":"a","3188":"l","3189":"s","3190":"e","3191":"'","3192":")","3193":"\\","3194":"r","3195":"\\","3196":"n","3197":"\\","3198":"r","3199":"\\","3200":"n","3201":"c","3202":"o","3203":"n","3204":"s","3205":"t","3206":" ","3207":"t","3208":"o","3209":"g","3210":"g","3211":"l","3212":"e","3213":" ","3214":"=","3215":" ","3216":"(","3217":")","3218":" ","3219":"=","3220":">","3221":" ","3222":"{","3223":"\\","3224":"r","3225":"\\","3226":"n","3227":" ","3228":" ","3229":" ","3230":" ","3231":"d","3232":"r","3233":"a","3234":"w","3235":"e","3236":"r","3237":".","3238":"v","3239":"a","3240":"l","3241":"u","3242":"e","3243":" ","3244":"=","3245":" ","3246":"!","3247":"d","3248":"r","3249":"a","3250":"w","3251":"e","3252":"r","3253":".","3254":"v","3255":"a","3256":"l","3257":"u","3258":"e","3259":";","3260":"\\","3261":"r","3262":"\\","3263":"n","3264":"}","3265":"\\","3266":"r","3267":"\\","3268":"n","3269":"\\","3270":"r","3271":"\\","3272":"n","3273":"f","3274":"u","3275":"n","3276":"c","3277":"t","3278":"i","3279":"o","3280":"n","3281":" ","3282":"t","3283":"o","3284":"g","3285":"g","3286":"l","3287":"e","3288":"T","3289":"h","3290":"e","3291":"m","3292":"e","3293":"(","3294":")","3295":" ","3296":"{","3297":"\\","3298":"r","3299":"\\","3300":"n","3301":" ","3302":" ","3303":" ","3304":" ","3305":"t","3306":"h","3307":"e","3308":"m","3309":"e","3310":".","3311":"g","3312":"l","3313":"o","3314":"b","3315":"a","3316":"l","3317":".","3318":"n","3319":"a","3320":"m","3321":"e","3322":".","3323":"v","3324":"a","3325":"l","3326":"u","3327":"e","3328":" ","3329":"=","3330":" ","3331":"t","3332":"h","3333":"e","3334":"m","3335":"e","3336":".","3337":"g","3338":"l","3339":"o","3340":"b","3341":"a","3342":"l","3343":".","3344":"c","3345":"u","3346":"r","3347":"r","3348":"e","3349":"n","3350":"t","3351":".","3352":"v","3353":"a","3354":"l","3355":"u","3356":"e","3357":".","3358":"d","3359":"a","3360":"r","3361":"k","3362":" ","3363":"?","3364":" ","3365":"'","3366":"l","3367":"i","3368":"g","3369":"h","3370":"t","3371":"'","3372":" ","3373":":","3374":" ","3375":"'","3376":"d","3377":"a","3378":"r","3379":"k","3380":"'","3381":"\\","3382":"r","3383":"\\","3384":"n","3385":" ","3386":" ","3387":" ","3388":" ","3389":"i","3390":"s","3391":"D","3392":"a","3393":"r","3394":"k","3395":"T","3396":"h","3397":"e","3398":"m","3399":"e","3400":".","3401":"v","3402":"a","3403":"l","3404":"u","3405":"e","3406":" ","3407":"=","3408":" ","3409":"t","3410":"h","3411":"e","3412":"m","3413":"e","3414":".","3415":"g","3416":"l","3417":"o","3418":"b","3419":"a","3420":"l","3421":".","3422":"n","3423":"a","3424":"m","3425":"e","3426":".","3427":"v","3428":"a","3429":"l","3430":"u","3431":"e","3432":" ","3433":"=","3434":"=","3435":" ","3436":"'","3437":"d","3438":"a","3439":"r","3440":"k","3441":"'","3442":"\\","3443":"r","3444":"\\","3445":"n","3446":"}","3447":"\\","3448":"r","3449":"\\","3450":"n","3451":"c","3452":"o","3453":"n","3454":"s","3455":"t","3456":" ","3457":"a","3458":"l","3459":"e","3460":"r","3461":"t","3462":"D","3463":"e","3464":"t","3465":"a","3466":"i","3467":"l","3468":"s","3469":" ","3470":"=","3471":" ","3472":"c","3473":"o","3474":"m","3475":"p","3476":"u","3477":"t","3478":"e","3479":"d","3480":"(","3481":"(","3482":")","3483":" ","3484":"=","3485":">","3486":" ","3487":"s","3488":"t","3489":"o","3490":"r","3491":"e","3492":".","3493":"g","3494":"e","3495":"t","3496":"t","3497":"e","3498":"r","3499":"s","3500":".","3501":"g","3502":"e","3503":"t","3504":"A","3505":"l","3506":"e","3507":"r","3508":"t","3509":"D","3510":"e","3511":"t","3512":"a","3513":"i","3514":"l","3515":"s","3516":")","3517":";","3518":"\\","3519":"r","3520":"\\","3521":"n","3522":"\\","3523":"r","3524":"\\","3525":"n","3526":"c","3527":"o","3528":"n","3529":"s","3530":"t","3531":" ","3532":"c","3533":"l","3534":"o","3535":"s","3536":"e","3537":"A","3538":"l","3539":"e","3540":"r","3541":"t","3542":" ","3543":"=","3544":" ","3545":"(","3546":")","3547":" ","3548":"=","3549":">","3550":" ","3551":"{","3552":"\\","3553":"r","3554":"\\","3555":"n","3556":" ","3557":" ","3558":"s","3559":"t","3560":"o","3561":"r","3562":"e","3563":".","3564":"d","3565":"i","3566":"s","3567":"p","3568":"a","3569":"t","3570":"c","3571":"h","3572":"(","3573":"'","3574":"u","3575":"p","3576":"d","3577":"a","3578":"t","3579":"e","3580":"A","3581":"l","3582":"e","3583":"r","3584":"t","3585":"D","3586":"e","3587":"t","3588":"a","3589":"i","3590":"l","3591":"s","3592":"'","3593":",","3594":" ","3595":"{","3596":" ","3597":"s","3598":"h","3599":"o","3600":"w","3601":"A","3602":"l","3603":"e","3604":"r","3605":"t","3606":":","3607":" ","3608":"f","3609":"a","3610":"l","3611":"s","3612":"e","3613":" ","3614":"}","3615":")","3616":";","3617":"\\","3618":"r","3619":"\\","3620":"n","3621":"}","3622":";","3623":"\\","3624":"r","3625":"\\","3626":"n","3627":"<","3628":"/","3629":"s","3630":"c","3631":"r","3632":"i","3633":"p","3634":"t","3635":">","3636":"\\","3637":"r","3638":"\\","3639":"n","3640":"\\","3641":"r","3642":"\\","3643":"n","3644":"<","3645":"s","3646":"t","3647":"y","3648":"l","3649":"e","3650":">","3651":"\\","3652":"r","3653":"\\","3654":"n","3655":".","3656":"n","3657":"o","3658":"-","3659":"s","3660":"c","3661":"r","3662":"o","3663":"l","3664":"l","3665":"b","3666":"a","3667":"r","3668":" ","3669":"{","3670":"\\","3671":"r","3672":"\\","3673":"n","3674":" ","3675":" ","3676":"s","3677":"c","3678":"r","3679":"o","3680":"l","3681":"l","3682":"b","3683":"a","3684":"r","3685":"-","3686":"w","3687":"i","3688":"d","3689":"t","3690":"h","3691":":","3692":" ","3693":"n","3694":"o","3695":"n","3696":"e","3697":";","3698":" ","3699":"/","3700":"*","3701":" ","3702":"F","3703":"i","3704":"r","3705":"e","3706":"f","3707":"o","3708":"x","3709":" ","3710":"*","3711":"/","3712":"\\","3713":"r","3714":"\\","3715":"n","3716":" ","3717":" ","3718":"-","3719":"m","3720":"s","3721":"-","3722":"o","3723":"v","3724":"e","3725":"r","3726":"f","3727":"l","3728":"o","3729":"w","3730":"-","3731":"s","3732":"t","3733":"y","3734":"l","3735":"e","3736":":","3737":" ","3738":"n","3739":"o","3740":"n","3741":"e","3742":";","3743":" ","3744":"/","3745":"*","3746":" ","3747":"I","3748":"E","3749":" ","3750":"a","3751":"n","3752":"d","3753":" ","3754":"E","3755":"d","3756":"g","3757":"e","3758":" ","3759":"*","3760":"/","3761":"\\","3762":"r","3763":"\\","3764":"n","3765":"}","3766":"\\","3767":"r","3768":"\\","3769":"n","3770":"\\","3771":"r","3772":"\\","3773":"n","3774":".","3775":"n","3776":"o","3777":"-","3778":"s","3779":"c","3780":"r","3781":"o","3782":"l","3783":"l","3784":"b","3785":"a","3786":"r","3787":":","3788":":","3789":"-","3790":"w","3791":"e","3792":"b","3793":"k","3794":"i","3795":"t","3796":"-","3797":"s","3798":"c","3799":"r","3800":"o","3801":"l","3802":"l","3803":"b","3804":"a","3805":"r","3806":" ","3807":"{","3808":"\\","3809":"r","3810":"\\","3811":"n","3812":" ","3813":" ","3814":"d","3815":"i","3816":"s","3817":"p","3818":"l","3819":"a","3820":"y","3821":":","3822":" ","3823":"n","3824":"o","3825":"n","3826":"e","3827":";","3828":" ","3829":"/","3830":"*","3831":" ","3832":"C","3833":"h","3834":"r","3835":"o","3836":"m","3837":"e","3838":",","3839":" ","3840":"S","3841":"a","3842":"f","3843":"a","3844":"r","3845":"i","3846":",","3847":" ","3848":"a","3849":"n","3850":"d","3851":" ","3852":"O","3853":"p","3854":"e","3855":"r","3856":"a","3857":" ","3858":"*","3859":"/","3860":"\\","3861":"r","3862":"\\","3863":"n","3864":"}","3865":"\\","3866":"r","3867":"\\","3868":"n","3869":"<","3870":"/","3871":"s","3872":"t","3873":"y","3874":"l","3875":"e","3876":">","3877":"\\","3878":"r","3879":"\\","3880":"n","3881":"\\","3882":"r","3883":"\\","3884":"n","3885":"\"","3886":"]","3887":"}"}}
,"D:\\Nimit\\Downloads\\nimit\\vue\\setup\\src\\components\\globle\\tabs\\Tabs.vue": {"path":"D:\\Nimit\\Downloads\\nimit\\vue\\setup\\src\\components\\globle\\tabs\\Tabs.vue","statementMap":{"0":{"start":{"line":2,"column":15},"end":{"line":4,"column":3}},"1":{"start":{"line":6,"column":0},"end":{"line":6,"column":13}},"2":{"start":{"line":8,"column":0},"end":{"line":10,"column":3}},"3":{"start":{"line":11,"column":0},"end":{"line":11,"column":24}},"4":{"start":{"line":12,"column":11},"end":{"line":12,"column":25}},"5":{"start":{"line":14,"column":27},"end":{"line":14,"column":62}},"6":{"start":{"line":15,"column":28},"end":{"line":15,"column":64}},"7":{"start":{"line":16,"column":27},"end":{"line":16,"column":62}},"8":{"start":{"line":17,"column":27},"end":{"line":17,"column":62}},"9":{"start":{"line":18,"column":27},"end":{"line":18,"column":62}},"10":{"start":{"line":19,"column":33},"end":{"line":19,"column":74}},"11":{"start":{"line":20,"column":40},"end":{"line":20,"column":88}},"12":{"start":{"line":21,"column":35},"end":{"line":21,"column":78}},"13":{"start":{"line":22,"column":2},"end":{"line":81,"column":64}},"14":{"start":{"line":24,"column":63},"end":{"line":24,"column":80}},"15":{"start":{"line":28,"column":37},"end":{"line":43,"column":7}},"16":{"start":{"line":31,"column":39},"end":{"line":31,"column":106}},"17":{"start":{"line":36,"column":39},"end":{"line":36,"column":101}},"18":{"start":{"line":41,"column":39},"end":{"line":41,"column":105}},"19":{"start":{"line":47,"column":63},"end":{"line":47,"column":80}},"20":{"start":{"line":49,"column":37},"end":{"line":79,"column":35}},"21":{"start":{"line":50,"column":6},"end":{"line":78,"column":53}},"22":{"start":{"line":54,"column":41},"end":{"line":76,"column":37}},"23":{"start":{"line":57,"column":43},"end":{"line":74,"column":39}},"24":{"start":{"line":58,"column":45},"end":{"line":72,"column":43}},"25":{"start":{"line":59,"column":14},"end":{"line":71,"column":43}},"26":{"start":{"line":64,"column":49},"end":{"line":69,"column":61}},"27":{"start":{"line":82,"column":2},"end":{"line":82,"column":49}}},"fnMap":{"0":{"name":"(anonymous_0)","decl":{"start":{"line":2,"column":8},"end":{"line":2,"column":9}},"loc":{"start":{"line":2,"column":15},"end":{"line":4,"column":3}},"line":2},"1":{"name":"render","decl":{"start":{"line":13,"column":9},"end":{"line":13,"column":15}},"loc":{"start":{"line":13,"column":30},"end":{"line":82,"column":1}},"line":13},"2":{"name":"(anonymous_2)","decl":{"start":{"line":24,"column":53},"end":{"line":24,"column":54}},"loc":{"start":{"line":24,"column":63},"end":{"line":24,"column":80}},"line":24},"3":{"name":"(anonymous_3)","decl":{"start":{"line":28,"column":31},"end":{"line":28,"column":32}},"loc":{"start":{"line":28,"column":37},"end":{"line":43,"column":7}},"line":28},"4":{"name":"(anonymous_4)","decl":{"start":{"line":31,"column":33},"end":{"line":31,"column":34}},"loc":{"start":{"line":31,"column":39},"end":{"line":31,"column":106}},"line":31},"5":{"name":"(anonymous_5)","decl":{"start":{"line":36,"column":33},"end":{"line":36,"column":34}},"loc":{"start":{"line":36,"column":39},"end":{"line":36,"column":101}},"line":36},"6":{"name":"(anonymous_6)","decl":{"start":{"line":41,"column":33},"end":{"line":41,"column":34}},"loc":{"start":{"line":41,"column":39},"end":{"line":41,"column":105}},"line":41},"7":{"name":"(anonymous_7)","decl":{"start":{"line":47,"column":53},"end":{"line":47,"column":54}},"loc":{"start":{"line":47,"column":63},"end":{"line":47,"column":80}},"line":47},"8":{"name":"(anonymous_8)","decl":{"start":{"line":49,"column":31},"end":{"line":49,"column":32}},"loc":{"start":{"line":49,"column":37},"end":{"line":79,"column":35}},"line":49},"9":{"name":"(anonymous_9)","decl":{"start":{"line":49,"column":136},"end":{"line":49,"column":137}},"loc":{"start":{"line":49,"column":141},"end":{"line":79,"column":5}},"line":49},"10":{"name":"(anonymous_10)","decl":{"start":{"line":54,"column":35},"end":{"line":54,"column":36}},"loc":{"start":{"line":54,"column":41},"end":{"line":76,"column":37}},"line":54},"11":{"name":"(anonymous_11)","decl":{"start":{"line":57,"column":37},"end":{"line":57,"column":38}},"loc":{"start":{"line":57,"column":43},"end":{"line":74,"column":39}},"line":57},"12":{"name":"(anonymous_12)","decl":{"start":{"line":58,"column":39},"end":{"line":58,"column":40}},"loc":{"start":{"line":58,"column":45},"end":{"line":72,"column":43}},"line":58},"13":{"name":"(anonymous_13)","decl":{"start":{"line":58,"column":144},"end":{"line":58,"column":145}},"loc":{"start":{"line":58,"column":149},"end":{"line":72,"column":13}},"line":58},"14":{"name":"(anonymous_14)","decl":{"start":{"line":64,"column":43},"end":{"line":64,"column":44}},"loc":{"start":{"line":64,"column":49},"end":{"line":69,"column":61}},"line":64}},"branchMap":{"0":{"loc":{"start":{"line":24,"column":27},"end":{"line":24,"column":81}},"type":"binary-expr","locations":[{"start":{"line":24,"column":27},"end":{"line":24,"column":36}},{"start":{"line":24,"column":41},"end":{"line":24,"column":80}}],"line":24},"1":{"loc":{"start":{"line":31,"column":39},"end":{"line":31,"column":106}},"type":"binary-expr","locations":[{"start":{"line":31,"column":39},"end":{"line":31,"column":48}},{"start":{"line":31,"column":53},"end":{"line":31,"column":105}}],"line":31},"2":{"loc":{"start":{"line":36,"column":39},"end":{"line":36,"column":101}},"type":"binary-expr","locations":[{"start":{"line":36,"column":39},"end":{"line":36,"column":48}},{"start":{"line":36,"column":53},"end":{"line":36,"column":100}}],"line":36},"3":{"loc":{"start":{"line":41,"column":39},"end":{"line":41,"column":105}},"type":"binary-expr","locations":[{"start":{"line":41,"column":39},"end":{"line":41,"column":48}},{"start":{"line":41,"column":53},"end":{"line":41,"column":104}}],"line":41},"4":{"loc":{"start":{"line":47,"column":27},"end":{"line":47,"column":81}},"type":"binary-expr","locations":[{"start":{"line":47,"column":27},"end":{"line":47,"column":36}},{"start":{"line":47,"column":41},"end":{"line":47,"column":80}}],"line":47}},"s":{"0":0,"1":0,"2":0,"3":0,"4":0,"5":0,"6":0,"7":0,"8":0,"9":0,"10":0,"11":0,"12":0,"13":0,"14":0,"15":0,"16":0,"17":0,"18":0,"19":0,"20":0,"21":0,"22":0,"23":0,"24":0,"25":0,"26":0,"27":0},"f":{"0":0,"1":0,"2":0,"3":0,"4":0,"5":0,"6":0,"7":0,"8":0,"9":0,"10":0,"11":0,"12":0,"13":0,"14":0},"b":{"0":[0,0],"1":[0,0],"2":[0,0],"3":[0,0],"4":[0,0]},"inputSourceMap":{"0":"{","1":"\"","2":"v","3":"e","4":"r","5":"s","6":"i","7":"o","8":"n","9":"\"","10":":","11":"3","12":",","13":"\"","14":"s","15":"o","16":"u","17":"r","18":"c","19":"e","20":"s","21":"\"","22":":","23":"[","24":"\"","25":"D","26":":","27":"\\","28":"\\","29":"N","30":"i","31":"m","32":"i","33":"t","34":"\\","35":"\\","36":"D","37":"o","38":"w","39":"n","40":"l","41":"o","42":"a","43":"d","44":"s","45":"\\","46":"\\","47":"n","48":"i","49":"m","50":"i","51":"t","52":"\\","53":"\\","54":"v","55":"u","56":"e","57":"\\","58":"\\","59":"s","60":"e","61":"t","62":"u","63":"p","64":"\\","65":"\\","66":"s","67":"r","68":"c","69":"\\","70":"\\","71":"c","72":"o","73":"m","74":"p","75":"o","76":"n","77":"e","78":"n","79":"t","80":"s","81":"\\","82":"\\","83":"g","84":"l","85":"o","86":"b","87":"l","88":"e","89":"\\","90":"\\","91":"t","92":"a","93":"b","94":"s","95":"\\","96":"\\","97":"T","98":"a","99":"b","100":"s","101":".","102":"v","103":"u","104":"e","105":"\"","106":"]","107":",","108":"\"","109":"n","110":"a","111":"m","112":"e","113":"s","114":"\"","115":":","116":"[","117":"]","118":",","119":"\"","120":"m","121":"a","122":"p","123":"p","124":"i","125":"n","126":"g","127":"s","128":"\"","129":":","130":"\"","131":"A","132":"A","133":"u","134":"B","135":"A","136":",","137":"e","138":"A","139":"A","140":"e","141":";","142":"E","143":"A","144":"C","145":"X","146":",","147":"I","148":"A","149":"A","150":"I","151":",","152":"E","153":"A","154":"A","155":"E","156":",","157":"O","158":"A","159":"A","160":"O","161":";","162":"I","163":"A","164":"C","165":"T","166":",","167":"G","168":"A","169":"A","170":"G","171":",","172":"E","173":"A","174":"A","175":"E","176":";","177":"E","178":"A","179":"C","180":"T","181":",","182":"C","183":"A","184":"A","185":"C","186":";","187":"A","188":"A","189":"C","190":"L","191":",","192":"C","193":"A","194":"A","195":"C","196":"\"","197":",","198":"\"","199":"f","200":"i","201":"l","202":"e","203":"\"","204":":","205":"\"","206":"D","207":":","208":"\\","209":"\\","210":"N","211":"i","212":"m","213":"i","214":"t","215":"\\","216":"\\","217":"D","218":"o","219":"w","220":"n","221":"l","222":"o","223":"a","224":"d","225":"s","226":"\\","227":"\\","228":"n","229":"i","230":"m","231":"i","232":"t","233":"\\","234":"\\","235":"v","236":"u","237":"e","238":"\\","239":"\\","240":"s","241":"e","242":"t","243":"u","244":"p","245":"\\","246":"\\","247":"s","248":"r","249":"c","250":"\\","251":"\\","252":"c","253":"o","254":"m","255":"p","256":"o","257":"n","258":"e","259":"n","260":"t","261":"s","262":"\\","263":"\\","264":"g","265":"l","266":"o","267":"b","268":"l","269":"e","270":"\\","271":"\\","272":"t","273":"a","274":"b","275":"s","276":"\\","277":"\\","278":"T","279":"a","280":"b","281":"s","282":".","283":"v","284":"u","285":"e","286":"\"","287":",","288":"\"","289":"s","290":"o","291":"u","292":"r","293":"c","294":"e","295":"s","296":"C","297":"o","298":"n","299":"t","300":"e","301":"n","302":"t","303":"\"","304":":","305":"[","306":"\"","307":"<","308":"t","309":"e","310":"m","311":"p","312":"l","313":"a","314":"t","315":"e","316":">","317":"\\","318":"r","319":"\\","320":"n","321":" ","322":" ","323":" ","324":" ","325":"<","326":"v","327":"-","328":"t","329":"a","330":"b","331":"s","332":" ","333":"v","334":"-","335":"m","336":"o","337":"d","338":"e","339":"l","340":"=","341":"\\","342":"\"","343":"t","344":"a","345":"b","346":"\\","347":"\"","348":" ","349":"a","350":"l","351":"i","352":"g","353":"n","354":"-","355":"t","356":"a","357":"b","358":"s","359":"=","360":"\\","361":"\"","362":"c","363":"e","364":"n","365":"t","366":"e","367":"r","368":"\\","369":"\"","370":" ","371":"c","372":"o","373":"l","374":"o","375":"r","376":"=","377":"\\","378":"\"","379":"d","380":"e","381":"e","382":"p","383":"-","384":"p","385":"u","386":"r","387":"p","388":"l","389":"e","390":"-","391":"a","392":"c","393":"c","394":"e","395":"n","396":"t","397":"-","398":"4","399":"\\","400":"\"","401":">","402":"\\","403":"r","404":"\\","405":"n","406":" ","407":" ","408":" ","409":" ","410":" ","411":" ","412":" ","413":" ","414":"<","415":"v","416":"-","417":"t","418":"a","419":"b","420":" ","421":":","422":"v","423":"a","424":"l","425":"u","426":"e","427":"=","428":"\\","429":"\"","430":"1","431":"\\","432":"\"","433":">","434":"L","435":"a","436":"n","437":"d","438":"s","439":"c","440":"a","441":"p","442":"e","443":"<","444":"/","445":"v","446":"-","447":"t","448":"a","449":"b","450":">","451":"\\","452":"r","453":"\\","454":"n","455":" ","456":" ","457":" ","458":" ","459":" ","460":" ","461":" ","462":" ","463":"<","464":"v","465":"-","466":"t","467":"a","468":"b","469":" ","470":":","471":"v","472":"a","473":"l","474":"u","475":"e","476":"=","477":"\\","478":"\"","479":"2","480":"\\","481":"\"","482":">","483":"C","484":"i","485":"t","486":"y","487":"<","488":"/","489":"v","490":"-","491":"t","492":"a","493":"b","494":">","495":"\\","496":"r","497":"\\","498":"n","499":" ","500":" ","501":" ","502":" ","503":" ","504":" ","505":" ","506":" ","507":"<","508":"v","509":"-","510":"t","511":"a","512":"b","513":" ","514":":","515":"v","516":"a","517":"l","518":"u","519":"e","520":"=","521":"\\","522":"\"","523":"3","524":"\\","525":"\"","526":">","527":"A","528":"b","529":"s","530":"t","531":"r","532":"a","533":"c","534":"t","535":"<","536":"/","537":"v","538":"-","539":"t","540":"a","541":"b","542":">","543":"\\","544":"r","545":"\\","546":"n","547":" ","548":" ","549":" ","550":" ","551":"<","552":"/","553":"v","554":"-","555":"t","556":"a","557":"b","558":"s","559":">","560":"\\","561":"r","562":"\\","563":"n","564":"\\","565":"r","566":"\\","567":"n","568":" ","569":" ","570":" ","571":" ","572":"<","573":"v","574":"-","575":"t","576":"a","577":"b","578":"s","579":"-","580":"w","581":"i","582":"n","583":"d","584":"o","585":"w","586":" ","587":"v","588":"-","589":"m","590":"o","591":"d","592":"e","593":"l","594":"=","595":"\\","596":"\"","597":"t","598":"a","599":"b","600":"\\","601":"\"","602":">","603":"\\","604":"r","605":"\\","606":"n","607":" ","608":" ","609":" ","610":" ","611":" ","612":" ","613":" ","614":" ","615":"<","616":"v","617":"-","618":"t","619":"a","620":"b","621":"s","622":"-","623":"w","624":"i","625":"n","626":"d","627":"o","628":"w","629":"-","630":"i","631":"t","632":"e","633":"m","634":" ","635":"v","636":"-","637":"f","638":"o","639":"r","640":"=","641":"\\","642":"\"","643":"n","644":" ","645":"i","646":"n","647":" ","648":"3","649":"\\","650":"\"","651":" ","652":":","653":"k","654":"e","655":"y","656":"=","657":"\\","658":"\"","659":"n","660":"\\","661":"\"","662":" ","663":":","664":"v","665":"a","666":"l","667":"u","668":"e","669":"=","670":"\\","671":"\"","672":"n","673":"\\","674":"\"","675":">","676":"\\","677":"r","678":"\\","679":"n","680":" ","681":" ","682":" ","683":" ","684":" ","685":" ","686":" ","687":" ","688":" ","689":" ","690":" ","691":" ","692":"<","693":"v","694":"-","695":"c","696":"o","697":"n","698":"t","699":"a","700":"i","701":"n","702":"e","703":"r","704":" ","705":"f","706":"l","707":"u","708":"i","709":"d","710":">","711":"\\","712":"r","713":"\\","714":"n","715":" ","716":" ","717":" ","718":" ","719":" ","720":" ","721":" ","722":" ","723":" ","724":" ","725":" ","726":" ","727":" ","728":" ","729":" ","730":" ","731":"<","732":"v","733":"-","734":"r","735":"o","736":"w","737":">","738":"\\","739":"r","740":"\\","741":"n","742":" ","743":" ","744":" ","745":" ","746":" ","747":" ","748":" ","749":" ","750":" ","751":" ","752":" ","753":" ","754":" ","755":" ","756":" ","757":" ","758":" ","759":" ","760":" ","761":" ","762":"<","763":"v","764":"-","765":"c","766":"o","767":"l","768"
[...]
a","1752":"l","1753":"\\","1754":"\"","1755":" ","1756":"@","1757":"c","1758":"l","1759":"i","1760":"c","1761":"k","1762":"=","1763":"\\","1764":"\"","1765":"s","1766":"h","1767":"o","1768":"w","1769":"A","1770":"l","1771":"e","1772":"r","1773":"t","1774":"(","1775":"'","1776":"e","1777":"r","1778":"r","1779":"o","1780":"r","1781":"'","1782":")","1783":"\\","1784":"\"","1785":" ","1786":"b","1787":"l","1788":"o","1789":"c","1790":"k","1791":" ","1792":"c","1793":"l","1794":"a","1795":"s","1796":"s","1797":"=","1798":"\\","1799":"\"","1800":"t","1801":"e","1802":"x","1803":"t","1804":"-","1805":"i","1806":"n","1807":"d","1808":"i","1809":"g","1810":"o","1811":"\\","1812":"\"","1813":">","1814":"\\","1815":"n","1816":" ","1817":" ","1818":" ","1819":" ","1820":" ","1821":" ","1822":" ","1823":" ","1824":" ","1825":" ","1826":" ","1827":" ","1828":" ","1829":" ","1830":" ","1831":" ","1832":"s","1833":"h","1834":"o","1835":"w","1836":" ","1837":"a","1838":"l","1839":"e","1840":"r","1841":"t","1842":"\\","1843":"n","1844":" ","1845":" ","1846":" ","1847":" ","1848":" ","1849":" ","1850":" ","1851":" ","1852":" ","1853":" ","1854":" ","1855":" ","1856":" ","1857":" ","1858":"<","1859":"/","1860":"v","1861":"-","1862":"b","1863":"t","1864":"n","1865":">","1866":"\\","1867":"n","1868":" ","1869":" ","1870":" ","1871":" ","1872":" ","1873":" ","1874":" ","1875":" ","1876":" ","1877":" ","1878":" ","1879":" ","1880":"<","1881":"/","1882":"v","1883":"-","1884":"c","1885":"o","1886":"l","1887":">","1888":"\\","1889":"n","1890":" ","1891":" ","1892":" ","1893":" ","1894":" ","1895":" ","1896":" ","1897":" ","1898":" ","1899":" ","1900":"<","1901":"/","1902":"v","1903":"-","1904":"r","1905":"o","1906":"w","1907":">","1908":"\\","1909":"n","1910":" ","1911":" ","1912":" ","1913":" ","1914":" ","1915":" ","1916":" ","1917":" ","1918":"<","1919":"/","1920":"d","1921":"i","1922":"v","1923":">","1924":"\\","1925":"n","1926":" ","1927":" ","1928":" ","1929":" ","1930":" ","1931":" ","1932":" ","1933":" ","1934":"<","1935":"v","1936":"-","1937":"e","1938":"x","1939":"p","1940":"a","1941":"n","1942":"s","1943":"i","1944":"o","1945":"n","1946":"-","1947":"p","1948":"a","1949":"n","1950":"e","1951":"l","1952":"s","1953":">","1954":"\\","1955":"n","1956":" ","1957":" ","1958":" ","1959":" ","1960":" ","1961":" ","1962":" ","1963":" ","1964":" ","1965":" ","1966":"<","1967":"v","1968":"-","1969":"e","1970":"x","1971":"p","1972":"a","1973":"n","1974":"s","1975":"i","1976":"o","1977":"n","1978":"-","1979":"p","1980":"a","1981":"n","1982":"e","1983":"l","1984":" ","1985":"t","1986":"i","1987":"t","1988":"l","1989":"e","1990":"=","1991":"\\","1992":"\"","1993":"T","1994":"i","1995":"t","1996":"l","1997":"e","1998":"\\","1999":"\"","2000":"\\","2001":"n","2002":" ","2003":" ","2004":" ","2005":" ","2006":" ","2007":" ","2008":" ","2009":" ","2010":" ","2011":" ","2012":" ","2013":" ","2014":"t","2015":"e","2016":"x","2017":"t","2018":"=","2019":"\\","2020":"\"","2021":"L","2022":"o","2023":"r","2024":"e","2025":"m","2026":" ","2027":"i","2028":"p","2029":"s","2030":"u","2031":"m","2032":" ","2033":"d","2034":"o","2035":"l","2036":"o","2037":"r","2038":" ","2039":"s","2040":"i","2041":"t","2042":" ","2043":"a","2044":"m","2045":"e","2046":"t","2047":" ","2048":"c","2049":"o","2050":"n","2051":"s","2052":"e","2053":"c","2054":"t","2055":"e","2056":"t","2057":"u","2058":"r","2059":" ","2060":"a","2061":"d","2062":"i","2063":"p","2064":"i","2065":"s","2066":"i","2067":"c","2068":"i","2069":"n","2070":"g","2071":" ","2072":"e","2073":"l","2074":"i","2075":"t","2076":".","2077":" ","2078":"C","2079":"o","2080":"m","2081":"m","2082":"o","2083":"d","2084":"i","2085":",","2086":" ","2087":"r","2088":"a","2089":"t","2090":"i","2091":"o","2092":"n","2093":"e","2094":" ","2095":"d","2096":"e","2097":"b","2098":"i","2099":"t","2100":"i","2101":"s","2102":" ","2103":"q","2104":"u","2105":"i","2106":"s","2107":" ","2108":"e","2109":"s","2110":"t","2111":" ","2112":"l","2113":"a","2114":"b","2115":"o","2116":"r","2117":"e","2118":" ","2119":"v","2120":"o","2121":"l","2122":"u","2123":"p","2124":"t","2125":"a","2126":"t","2127":"i","2128":"b","2129":"u","2130":"s","2131":"!","2132":" ","2133":"E","2134":"a","2135":"q","2136":"u","2137":"e","2138":" ","2139":"c","2140":"u","2141":"p","2142":"i","2143":"d","2144":"i","2145":"t","2146":"a","2147":"t","2148":"e","2149":" ","2150":"m","2151":"i","2152":"n","2153":"i","2154":"m","2155":"a","2156":"\\","2157":"\"","2158":">","2159":"\\","2160":"n","2161":" ","2162":" ","2163":" ","2164":" ","2165":" ","2166":" ","2167":" ","2168":" ","2169":" ","2170":" ","2171":"<","2172":"/","2173":"v","2174":"-","2175":"e","2176":"x","2177":"p","2178":"a","2179":"n","2180":"s","2181":"i","2182":"o","2183":"n","2184":"-","2185":"p","2186":"a","2187":"n","2188":"e","2189":"l","2190":">","2191":"\\","2192":"n","2193":" ","2194":" ","2195":" ","2196":" ","2197":" ","2198":" ","2199":" ","2200":" ","2201":"<","2202":"/","2203":"v","2204":"-","2205":"e","2206":"x","2207":"p","2208":"a","2209":"n","2210":"s","2211":"i","2212":"o","2213":"n","2214":"-","2215":"p","2216":"a","2217":"n","2218":"e","2219":"l","2220":"s","2221":">","2222":"\\","2223":"n","2224":" ","2225":" ","2226":" ","2227":" ","2228":" ","2229":" ","2230":"<","2231":"/","2232":"d","2233":"i","2234":"v","2235":">","2236":"\\","2237":"n","2238":" ","2239":" ","2240":" ","2241":" ","2242":" ","2243":" ","2244":"<","2245":"v","2246":"-","2247":"c","2248":"o","2249":"n","2250":"t","2251":"a","2252":"i","2253":"n","2254":"e","2255":"r","2256":"-","2257":"f","2258":"l","2259":"u","2260":"i","2261":"d","2262":">","2263":"\\","2264":"n","2265":" ","2266":" ","2267":" ","2268":" ","2269":" ","2270":" ","2271":" ","2272":" ","2273":"<","2274":"T","2275":"a","2276":"b","2277":" ","2278":"/","2279":">","2280":"\\","2281":"n","2282":" ","2283":" ","2284":" ","2285":" ","2286":" ","2287":" ","2288":"<","2289":"/","2290":"v","2291":"-","2292":"c","2293":"o","2294":"n","2295":"t","2296":"a","2297":"i","2298":"n","2299":"e","2300":"r","2301":"-","2302":"f","2303":"l","2304":"u","2305":"i","2306":"d","2307":">","2308":"\\","2309":"n","2310":" ","2311":" ","2312":" ","2313":" ","2314":"<","2315":"/","2316":"v","2317":"-","2318":"c","2319":"o","2320":"n","2321":"t","2322":"a","2323":"i","2324":"n","2325":"e","2326":"r","2327":"-","2328":"f","2329":"l","2330":"u","2331":"i","2332":"d","2333":">","2334":"\\","2335":"n","2336":"\\","2337":"n","2338":" ","2339":" ","2340":" ","2341":" ","2342":"<","2343":"v","2344":"-","2345":"p","2346":"a","2347":"r","2348":"a","2349":"l","2350":"l","2351":"a","2352":"x","2353":"\\","2354":"n","2355":" ","2356":" ","2357":" ","2358":" ","2359":" ","2360":" ","2361":"s","2362":"r","2363":"c","2364":"=","2365":"\\","2366":"\"","2367":"h","2368":"t","2369":"t","2370":"p","2371":"s","2372":":","2373":"/","2374":"/","2375":"i","2376":"m","2377":"a","2378":"g","2379":"e","2380":"s","2381":".","2382":"u","2383":"n","2384":"s","2385":"p","2386":"l","2387":"a","2388":"s","2389":"h","2390":".","2391":"c","2392":"o","2393":"m","2394":"/","2395":"p","2396":"h","2397":"o","2398":"t","2399":"o","2400":"-","2401":"1","2402":"6","2403":"1","2404":"0","2405":"2","2406":"4","2407":"1","2408":"4","2409":"3","2410":"6","2411":"1","2412":"1","2413":"2","2414":"-","2415":"b","2416":"7","2417":"6","2418":"f","2419":"a","2420":"5","2421":"4","2422":"2","2423":"5","2424":"8","2425":"c","2426":"5","2427":"?","2428":"q","2429":"=","2430":"8","2431":"0","2432":"&","2433":"w","2434":"=","2435":"2","2436":"0","2437":"7","2438":"2","2439":"&","2440":"a","2441":"u","2442":"t","2443":"o","2444":"=","2445":"f","2446":"o","2447":"r","2448":"m","2449":"a","2450":"t","2451":"&","2452":"f","2453":"i","2454":"t","2455":"=","2456":"c","2457":"r","2458":"o","2459":"p","2460":"&","2461":"i","2462":"x","2463":"l","2464":"i","2465":"b","2466":"=","2467":"r","2468":"b","2469":"-","2470":"4","2471":".","2472":"0","2473":".","2474":"3","2475":"&","2476":"i","2477":"x","2478":"i","2479":"d","2480":"=","2481":"M","2482":"3","2483":"w","2484":"x","2485":"M","2486":"j","2487":"A","2488":"3","2489":"f","2490":"D","2491":"B","2492":"8","2493":"M","2494":"H","2495":"x","2496":"w","2497":"a","2498":"G","2499":"9","2500":"0","2501":"b","2502":"y","2503":"1","2504":"w","2505":"Y","2506":"W","2507":"d","2508":"l","2509":"f","2510":"H","2511":"x","2512":"8","2513":"f","2514":"G","2515":"V","2516":"u","2517":"f","2518":"D","2519":"B","2520":"8","2521":"f","2522":"H","2523":"x","2524":"8","2525":"f","2526":"A","2527":"%","2528":"3","2529":"D","2530":"%","2531":"3","2532":"D","2533":"\\","2534":"\"","2535":"\\","2536":"n","2537":" ","2538":" ","2539":" ","2540":" ","2541":" ","2542":" ","2543":"h","2544":"e","2545":"i","2546":"g","2547":"h","2548":"t","2549":"=","2550":"\\","2551":"\"","2552":"5","2553":"0","2554":"0","2555":"\\","2556":"\"","2557":">","2558":"\\","2559":"n","2560":" ","2561":" ","2562":" ","2563":" ","2564":" ","2565":" ","2566":"<","2567":"d","2568":"i","2569":"v","2570":" ","2571":"c","2572":"l","2573":"a","2574":"s","2575":"s","2576":"=","2577":"\\","2578":"\"","2579":"d","2580":"-","2581":"f","2582":"l","2583":"e","2584":"x","2585":" ","2586":"f","2587":"l","2588":"e","2589":"x","2590":"-","2591":"c","2592":"o","2593":"l","2594":"u","2595":"m","2596":"n","2597":" ","2598":"f","2599":"i","2600":"l","2601":"l","2602":"-","2603":"h","2604":"e","2605":"i","2606":"g","2607":"h","2608":"t","2609":" ","2610":"j","2611":"u","2612":"s","2613":"t","2614":"i","2615":"f","2616":"y","2617":"-","2618":"c","2619":"e","2620":"n","2621":"t","2622":"e","2623":"r","2624":" ","2625":"a","2626":"l","2627":"i","2628":"g","2629":"n","2630":"-","2631":"c","2632":"e","2633":"n","2634":"t","2635":"e","2636":"r","2637":" ","2638":"t","2639":"e","2640":"x","2641":"t","2642":"-","2643":"w","2644":"h","2645":"i","2646":"t","2647":"e","2648":"\\","2649":"\"","2650":">","2651":"\\","2652":"n","2653":" ","2654":" ","2655":" ","2656":" ","2657":" ","2658":" ","2659":" ","2660":" ","2661":"<","2662":"h","2663":"1","2664":" ","2665":"c","2666":"l","2667":"a","2668":"s","2669":"s","2670":"=","2671":"\\","2672":"\"","2673":"t","2674":"e","2675":"x","2676":"t","2677":"-","2678":"h","2679":"4","2680":" ","2681":"f","2682":"o","2683":"n","2684":"t","2685":"-","2686":"w","2687":"e","2688":"i","2689":"g","2690":"h","2691":"t","2692":"-","2693":"t","2694":"h","2695":"i","2696":"n","2697":" ","2698":"m","2699":"b","2700":"-","2701":"4","2702":"\\","2703":"\"","2704":">","2705":"\\","2706":"n","2707":" ","2708":" ","2709":" ","2710":" ","2711":" ","2712":" ","2713":" ","2714":" ","2715":" ","2716":" ","2717":"T","2718":"h","2719":"i","2720":"s","2721":" ","2722":"i","2723":"s","2724":" ","2725":"F","2726":"o","2727":"o","2728":"t","2729":"e","2730":"r","2731":" ","2732":"a","2733":"r","2734":"e","2735":"a","2736":"\\","2737":"n","2738":" ","2739":" ","2740":" ","2741":" ","2742":" ","2743":" ","2744":" ","2745":" ","2746":"<","2747":"/","2748":"h","2749":"1","2750":">","2751":"\\","2752":"n","2753":" ","2754":" ","2755":" ","2756":" ","2757":" ","2758":" ","2759":" ","2760":" ","2761":"<","2762":"h","2763":"4","2764":" ","2765":"c","2766":"l","2767":"a","2768":"s","2769":"s","2770":"=","2771":"\\","2772":"\"","2773":"s","2774":"u","2775":"b","2776":"h","2777":"e","2778":"a","2779":"d","2780":"i","2781":"n","2782":"g","2783":"\\","2784":"\"","2785":">","2786":"\\","2787":"n","2788":" ","2789":" ","2790":" ","2791":" ","2792":" ","2793":" ","2794":" ","2795":" ","2796":" ","2797":" ","2798":"W","2799":"e","2800":"l","2801":"c","2802":"o","2803":"m","2804":"e","2805":"s","2806":" ","2807":"w","2808":"i","2809":"t","2810":"h","2811":" ","2812":"t","2813":"h","2814":"e","2815":" ","2816":"c","2817":"o","2818":"o","2819":"l","2820":" ","2821":"s","2822":"e","2823":"t","2824":"u","2825":"p","2826":"!","2827":"\\","2828":"n","2829":" ","2830":" ","2831":" ","2832":" ","2833":" ","2834":" ","2835":" ","2836":" ","2837":"<","2838":"/","2839":"h","2840":"4","2841":">","2842":"\\","2843":"n","2844":" ","2845":" ","2846":" ","2847":" ","2848":" ","2849":" ","2850":"<","2851":"/","2852":"d","2853":"i","2854":"v","2855":">","2856":"\\","2857":"n","2858":" ","2859":" ","2860":" ","2861":" ","2862":"<","2863":"/","2864":"v","2865":"-","2866":"p","2867":"a","2868":"r","2869":"a","2870":"l","2871":"l","2872":"a","2873":"x","2874":">","2875":"\\","2876":"n","2877":" ","2878":" ","2879":"<","2880":"/","2881":"d","2882":"i","2883":"v","2884":">","2885":"\\","2886":"n","2887":"<","2888":"/","2889":"t","2890":"e","2891":"m","2892":"p","2893":"l","2894":"a","2895":"t","2896":"e","2897":">","2898":"\\","2899":"n","2900":"\\","2901":"n","2902":"<","2903":"s","2904":"c","2905":"r","2906":"i","2907":"p","2908":"t","2909":" ","2910":"l","2911":"a","2912":"n","2913":"g","2914":"=","2915":"\\","2916":"\"","2917":"t","2918":"s","2919":"\\","2920":"\"","2921":" ","2922":"s","2923":"e","2924":"t","2925":"u","2926":"p","2927":">","2928":"\\","2929":"n","2930":"/","2931":"/","2932":"\\","2933":"n","2934":"i","2935":"m","2936":"p","2937":"o","2938":"r","2939":"t","2940":" ","2941":"{","2942":" ","2943":"A","2944":"l","2945":"e","2946":"r","2947":"t","2948":"I","2949":"n","2950":"t","2951":"e","2952":"r","2953":"f","2954":"a","2955":"c","2956":"e","2957":" ","2958":"}","2959":" ","2960":"f","2961":"r","2962":"o","2963":"m","2964":" ","2965":"'","2966":"@","2967":"/","2968":"I","2969":"n","2970":"t","2971":"e","2972":"r","2973":"f","2974":"a","2975":"c","2976":"e","2977":"s","2978":"/","2979":"s","2980":"t","2981":"o","2982":"r","2983":"e","2984":"'","2985":";","2986":"\\","2987":"n","2988":"i","2989":"m","2990":"p","2991":"o","2992":"r","2993":"t","2994":" ","2995":"{","2996":" ","2997":"u","2998":"s","2999":"e","3000":"S","3001":"t","3002":"o","3003":"r","3004":"e","3005":" ","3006":"}","3007":" ","3008":"f","3009":"r","3010":"o","3011":"m","3012":" ","3013":"'","3014":"v","3015":"u","3016":"e","3017":"x","3018":"'","3019":";","3020":"\\","3021":"n","3022":"\\","3023":"n","3024":"i","3025":"m","3026":"p","3027":"o","3028":"r","3029":"t","3030":" ","3031":"T","3032":"a","3033":"b","3034":" ","3035":"f","3036":"r","3037":"o","3038":"m","3039":" ","3040":"'","3041":"@","3042":"/","3043":"c","3044":"o","3045":"m","3046":"p","3047":"o","3048":"n","3049":"e","3050":"n","3051":"t","3052":"s","3053":"/","3054":"g","3055":"l","3056":"o","3057":"b","3058":"l","3059":"e","3060":"/","3061":"t","3062":"a","3063":"b","3064":"s","3065":"/","3066":"t","3067":"a","3068":"b","3069":"s","3070":".","3071":"v","3072":"u","3073":"e","3074":"'","3075":";","3076":"\\","3077":"n","3078":"c","3079":"o","3080":"n","3081":"s","3082":"t","3083":" ","3084":"s","3085":"t","3086":"o","3087":"r","3088":"e","3089":" ","3090":"=","3091":" ","3092":"u","3093":"s","3094":"e","3095":"S","3096":"t","3097":"o","3098":"r","3099":"e","3100":"(","3101":")","3102":";","3103":"\\","3104":"n","3105":"\\","3106":"n","3107":"c","3108":"o","3109":"n","3110":"s","3111":"t","3112":" ","3113":"s","3114":"h","3115":"o","3116":"w","3117":"A","3118":"l","3119":"e","3120":"r","3121":"t","3122":" ","3123":"=","3124":" ","3125":"(","3126":"t","3127":"y","3128":"p","3129":"e","3130":":","3131":" ","3132":"\\","3133":"\"","3134":"e","3135":"r","3136":"r","3137":"o","3138":"r","3139":"\\","3140":"\"","3141":" ","3142":"|","3143":" ","3144":"\\","3145":"\"","3146":"w","3147":"a","3148":"r","3149":"n","3150":"i","3151":"n","3152":"g","3153":"\\","3154":"\"","3155":" ","3156":"|","3157":" ","3158":"\\","3159":"\"","3160":"s","3161":"u","3162":"c","3163":"c","3164":"e","3165":"s","3166":"s","3167":"\\","3168":"\"","3169":" ","3170":"|","3171":" ","3172":"\\","3173":"\"","3174":"i","3175":"n","3176":"f","3177":"o","3178":"\\","3179":"\"","3180":")","3181":" ","3182":"=","3183":">","3184":" ","3185":"{","3186":"\\","3187":"n","3188":" ","3189":" ","3190":"s","3191":"t","3192":"o","3193":"r","3194":"e","3195":".","3196":"d","3197":"i","3198":"s","3199":"p","3200":"a","3201":"t","3202":"c","3203":"h","3204":"(","3205":"'","3206":"u","3207":"p","3208":"d","3209":"a","3210":"t","3211":"e","3212":"A","3213":"l","3214":"e","3215":"r","3216":"t","3217":"D","3218":"e","3219":"t","3220":"a","3221":"i","3222":"l","3223":"s","3224":"'","3225":",","3226":" ","3227":"{","3228":"\\","3229":"n","3230":" ","3231":" ","3232":" ","3233":" ","3234":"s","3235":"h","3236":"o","3237":"w","3238":"A","3239":"l","3240":"e","3241":"r","3242":"t","3243":":","3244":" ","3245":"t","3246":"r","3247":"u","3248":"e","3249":",","3250":"\\","3251":"n","3252":" ","3253":" ","3254":" ","3255":" ","3256":"t","3257":"i","3258":"t","3259":"l","3260":"e","3261":":","3262":" ","3263":"'","3264":"T","3265":"h","3266":"i","3267":"s","3268":" ","3269":"i","3270":"s","3271":" ","3272":"a","3273":"n","3274":" ","3275":"a","3276":"l","3277":"e","3278":"r","3279":"t","3280":" ","3281":"t","3282":"i","3283":"t","3284":"l","3285":"e","3286":"'","3287":",","3288":"\\","3289":"n","3290":" ","3291":" ","3292":" ","3293":" ","3294":"t","3295":"e","3296":"x","3297":"t","3298":":","3299":" ","3300":"'","3301":"T","3302":"h","3303":"i","3304":"s","3305":" ","3306":"i","3307":"s","3308":" ","3309":"a","3310":"n","3311":" ","3312":"a","3313":"l","3314":"e","3315":"r","3316":"t","3317":" ","3318":"t","3319":"e","3320":"x","3321":"t","3322":"'","3323":",","3324":"\\","3325":"n","3326":" ","3327":" ","3328":" ","3329":" ","3330":"i","3331":"c","3332":"o","3333":"n","3334":":","3335":" ","3336":"'","3337":"m","3338":"d","3339":"i","3340":"-","3341":"a","3342":"l","3343":"e","3344":"r","3345":"t","3346":"'","3347":",","3348":"\\","3349":"n","3350":" ","3351":" ","3352":" ","3353":" ","3354":"v","3355":"a","3356":"r","3357":"i","3358":"a","3359":"n","3360":"t","3361":":","3362":" ","3363":"'","3364":"t","3365":"o","3366":"n","3367":"a","3368":"l","3369":"'","3370":",","3371":"\\","3372":"n","3373":" ","3374":" ","3375":" ","3376":" ","3377":"c","3378":"l","3379":"o","3380":"s","3381":"a","3382":"b","3383":"l","3384":"e","3385":":","3386":" ","3387":"t","3388":"r","3389":"u","3390":"e","3391":",","3392":"\\","3393":"n","3394":" ","3395":" ","3396":" ","3397":" ","3398":"t","3399":"y","3400":"p","3401":"e","3402":":","3403":" ","3404":"t","3405":"y","3406":"p","3407":"e","3408":"\\","3409":"n","3410":" ","3411":" ","3412":"}","3413":" ","3414":"a","3415":"s","3416":" ","3417":"A","3418":"l","3419":"e","3420":"r","3421":"t","3422":"I","3423":"n","3424":"t","3425":"e","3426":"r","3427":"f","3428":"a","3429":"c","3430":"e","3431":")","3432":";","3433":"\\","3434":"n","3435":"}","3436":";","3437":"\\","3438":"n","3439":"<","3440":"/","3441":"s","3442":"c","3443":"r","3444":"i","3445":"p","3446":"t","3447":">","3448":"\\","3449":"n","3450":"\"","3451":"]","3452":"}"}}
,"D:\\Nimit\\Downloads\\nimit\\vue\\setup\\src\\plugins\\index.ts": {"path":"D:\\Nimit\\Downloads\\nimit\\vue\\setup\\src\\plugins\\index.ts","statementMap":{"0":{"start":{"line":14,"column":0},"end":{"line":14,"column":16}},"1":{"start":{"line":8,"column":0},"end":{"line":8,"column":31}},"2":{"start":{"line":9,"column":0},"end":{"line":9,"column":30}},"3":{"start":{"line":15,"column":2},"end":{"line":17,"column":null}}},"fnMap":{"0":{"name":"registerPlugins","decl":{"start":{"line":14,"column":16},"end":{"line":14,"column":31}},"loc":{"start":{"line":14,"column":41},"end":{"line":18,"column":1}}}},"branchMap":{},"s":{"0":0,"1":0,"2":0,"3":0},"f":{"0":0},"b":{}}
,"D:\\Nimit\\Downloads\\nimit\\vue\\setup\\src\\plugins\\vuetify.ts": {"path":"D:\\Nimit\\Downloads\\nimit\\vue\\setup\\src\\plugins\\vuetify.ts","statementMap":{"0":{"start":{"line":8,"column":0},"end":{"line":8,"column":46}},"1":{"start":{"line":9,"column":0},"end":{"line":9,"column":23}},"2":{"start":{"line":12,"column":0},"end":{"line":12,"column":39}},"3":{"start":{"line":15,"column":0},"end":{"line":19,"column":null}}},"fnMap":{},"branchMap":{},"s":{"0":0,"1":0,"2":0,"3":0},"f":{},"b":{}}
}
